2018-09-26 23:31:59.679  INFO 5676 --- [           main] s.c.a.AnnotationConfigApplicationContext : Refreshing org.springframework.context.annotation.AnnotationConfigApplicationContext@721e0f4f: startup date [Wed Sep 26 23:31:59 UTC 2018]; root of context hierarchy
2018-09-26 23:32:00.029  INFO 5676 --- [           main] f.a.AutowiredAnnotationBeanPostProcessor : JSR-330 'javax.inject.Inject' annotation found and supported for autowiring
2018-09-26 23:32:00.090  INFO 5676 --- [           main] trationDelegate$BeanPostProcessorChecker : Bean 'configurationPropertiesRebinderAutoConfiguration' of type [org.springframework.cloud.autoconfigure.ConfigurationPropertiesRebinderAutoConfiguration$$EnhancerBySpringCGLIB$$2045a30f] is not eligible for getting processed by all BeanPostProcessors (for example: not eligible for auto-proxying)

  .   ____          _            __ _ _
 /\\ / ___'_ __ _ _(_)_ __  __ _ \ \ \ \
( ( )\___ | '_ | '_| | '_ \/ _` | \ \ \ \
 \\/  ___)| |_)| | | | | || (_| |  ) ) ) )
  '  |____| .__|_| |_|_| |_\__, | / / / /
 =========|_|==============|___/=/_/_/_/
 :: Spring Boot ::        (v2.0.2.RELEASE)

2018-09-26 23:32:00.422  INFO 5676 --- [           main] c.g.a.ApigatewayserverApplication        : No active profile set, falling back to default profiles: default
2018-09-26 23:32:00.444  INFO 5676 --- [           main] ConfigServletWebServerApplicationContext : Refreshing org.springframework.boot.web.servlet.context.AnnotationConfigServletWebServerApplicationContext@78c03f1f: startup date [Wed Sep 26 23:32:00 UTC 2018]; parent: org.springframework.context.annotation.AnnotationConfigApplicationContext@721e0f4f
2018-09-26 23:32:01.265  INFO 5676 --- [           main] o.s.b.f.s.DefaultListableBeanFactory     : Overriding bean definition for bean 'counterFactory' with a different definition: replacing [Root bean: class [null]; scope=; abstract=false; lazyInit=false; autowireMode=3; dependencyCheck=0; autowireCandidate=true; primary=false; factoryBeanName=org.springframework.cloud.netflix.zuul.ZuulServerAutoConfiguration$ZuulMetricsConfiguration; factoryMethodName=counterFactory; initMethodName=null; destroyMethodName=(inferred); defined in class path resource [org/springframework/cloud/netflix/zuul/ZuulServerAutoConfiguration$ZuulMetricsConfiguration.class]] with [Root bean: class [null]; scope=; abstract=false; lazyInit=false; autowireMode=3; dependencyCheck=0; autowireCandidate=true; primary=false; factoryBeanName=org.springframework.cloud.netflix.zuul.ZuulServerAutoConfiguration$ZuulCounterFactoryConfiguration; factoryMethodName=counterFactory; initMethodName=null; destroyMethodName=(inferred); defined in class path resource [org/springframework/cloud/netflix/zuul/ZuulServerAutoConfiguration$ZuulCounterFactoryConfiguration.class]]
2018-09-26 23:32:01.565  INFO 5676 --- [           main] o.s.cloud.context.scope.GenericScope     : BeanFactory id=627f6bf9-9ea6-38dc-babe-3987132b2882
2018-09-26 23:32:01.588  INFO 5676 --- [           main] f.a.AutowiredAnnotationBeanPostProcessor : JSR-330 'javax.inject.Inject' annotation found and supported for autowiring
2018-09-26 23:32:01.997  INFO 5676 --- [           main] trationDelegate$BeanPostProcessorChecker : Bean 'org.springframework.cloud.autoconfigure.ConfigurationPropertiesRebinderAutoConfiguration' of type [org.springframework.cloud.autoconfigure.ConfigurationPropertiesRebinderAutoConfiguration$$EnhancerBySpringCGLIB$$2045a30f] is not eligible for getting processed by all BeanPostProcessors (for example: not eligible for auto-proxying)
2018-09-26 23:32:02.340  INFO 5676 --- [           main] o.s.b.w.embedded.tomcat.TomcatWebServer  : Tomcat initialized with port(s): 8765 (http)
2018-09-26 23:32:02.376  INFO 5676 --- [           main] o.apache.catalina.core.StandardService   : Starting service [Tomcat]
2018-09-26 23:32:02.376  INFO 5676 --- [           main] org.apache.catalina.core.StandardEngine  : Starting Servlet Engine: Apache Tomcat/8.5.31
2018-09-26 23:32:02.390  INFO 5676 --- [ost-startStop-1] o.a.catalina.core.AprLifecycleListener   : The APR based Apache Tomcat Native library which allows optimal performance in production environments was not found on the java.library.path: [/usr/java/packages/lib/amd64:/usr/lib64:/lib64:/lib:/usr/lib]
2018-09-26 23:32:02.481  INFO 5676 --- [ost-startStop-1] o.a.c.c.C.[Tomcat].[localhost].[/]       : Initializing Spring embedded WebApplicationContext
2018-09-26 23:32:02.481  INFO 5676 --- [ost-startStop-1] o.s.web.context.ContextLoader            : Root WebApplicationContext: initialization completed in 2037 ms
2018-09-26 23:32:02.780  WARN 5676 --- [ost-startStop-1] c.n.c.sources.URLConfigurationSource     : No URLs will be polled as dynamic configuration sources.
2018-09-26 23:32:02.780  INFO 5676 --- [ost-startStop-1] c.n.c.sources.URLConfigurationSource     : To enable URLs as dynamic configuration sources, define System property archaius.configurationSource.additionalUrls or make config.properties available on classpath.
2018-09-26 23:32:02.799  INFO 5676 --- [ost-startStop-1] c.netflix.config.DynamicPropertyFactory  : DynamicPropertyFactory is initialized with configuration sources: com.netflix.config.ConcurrentCompositeConfiguration@72eb7c94
2018-09-26 23:32:03.869  INFO 5676 --- [ost-startStop-1] o.s.b.w.servlet.ServletRegistrationBean  : Servlet dispatcherServlet mapped to [/]
2018-09-26 23:32:03.871  INFO 5676 --- [ost-startStop-1] o.s.b.w.servlet.ServletRegistrationBean  : Servlet zuulServlet mapped to [/zuul/*]
2018-09-26 23:32:03.874  INFO 5676 --- [ost-startStop-1] o.s.b.w.servlet.FilterRegistrationBean   : Mapping filter: 'characterEncodingFilter' to: [/*]
2018-09-26 23:32:03.875  INFO 5676 --- [ost-startStop-1] o.s.b.w.servlet.FilterRegistrationBean   : Mapping filter: 'hiddenHttpMethodFilter' to: [/*]
2018-09-26 23:32:03.875  INFO 5676 --- [ost-startStop-1] o.s.b.w.servlet.FilterRegistrationBean   : Mapping filter: 'httpPutFormContentFilter' to: [/*]
2018-09-26 23:32:03.875  INFO 5676 --- [ost-startStop-1] o.s.b.w.servlet.FilterRegistrationBean   : Mapping filter: 'requestContextFilter' to: [/*]
2018-09-26 23:32:03.875  INFO 5676 --- [ost-startStop-1] o.s.b.w.servlet.FilterRegistrationBean   : Mapping filter: 'httpTraceFilter' to: [/*]
2018-09-26 23:32:03.875  INFO 5676 --- [ost-startStop-1] o.s.b.w.servlet.FilterRegistrationBean   : Mapping filter: 'webMvcMetricsFilter' to: [/*]
2018-09-26 23:32:03.995  WARN 5676 --- [           main] c.n.c.sources.URLConfigurationSource     : No URLs will be polled as dynamic configuration sources.
2018-09-26 23:32:03.996  INFO 5676 --- [           main] c.n.c.sources.URLConfigurationSource     : To enable URLs as dynamic configuration sources, define System property archaius.configurationSource.additionalUrls or make config.properties available on classpath.
2018-09-26 23:32:04.113  INFO 5676 --- [           main] o.s.w.s.handler.SimpleUrlHandlerMapping  : Mapped URL path [/**/favicon.ico] onto handler of type [class org.springframework.web.servlet.resource.ResourceHttpRequestHandler]
2018-09-26 23:32:04.386  INFO 5676 --- [           main] s.w.s.m.m.a.RequestMappingHandlerAdapter : Looking for @ControllerAdvice: org.springframework.boot.web.servlet.context.AnnotationConfigServletWebServerApplicationContext@78c03f1f: startup date [Wed Sep 26 23:32:00 UTC 2018]; parent: org.springframework.context.annotation.AnnotationConfigApplicationContext@721e0f4f
2018-09-26 23:32:04.482  INFO 5676 --- [           main] s.w.s.m.m.a.RequestMappingHandlerMapping : Mapped "{[/error],produces=[text/html]}" onto public org.springframework.web.servlet.ModelAndView org.springframework.boot.autoconfigure.web.servlet.error.BasicErrorController.errorHtml(javax.servlet.http.HttpServletRequest,javax.servlet.http.HttpServletResponse)
2018-09-26 23:32:04.483  INFO 5676 --- [           main] s.w.s.m.m.a.RequestMappingHandlerMapping : Mapped "{[/error]}" onto public org.springframework.http.ResponseEntity<java.util.Map<java.lang.String, java.lang.Object>> org.springframework.boot.autoconfigure.web.servlet.error.BasicErrorController.error(javax.servlet.http.HttpServletRequest)
2018-09-26 23:32:04.522  INFO 5676 --- [           main] o.s.w.s.handler.SimpleUrlHandlerMapping  : Mapped URL path [/webjars/**] onto handler of type [class org.springframework.web.servlet.resource.ResourceHttpRequestHandler]
2018-09-26 23:32:04.522  INFO 5676 --- [           main] o.s.w.s.handler.SimpleUrlHandlerMapping  : Mapped URL path [/**] onto handler of type [class org.springframework.web.servlet.resource.ResourceHttpRequestHandler]
2018-09-26 23:32:05.454  INFO 5676 --- [           main] o.s.c.n.zuul.ZuulFilterInitializer       : Starting filter initializer
2018-09-26 23:32:05.531  INFO 5676 --- [           main] o.s.b.a.e.web.EndpointLinksResolver      : Exposing 2 endpoint(s) beneath base path '/actuator'
2018-09-26 23:32:05.546  INFO 5676 --- [           main] s.b.a.e.w.s.WebMvcEndpointHandlerMapping : Mapped "{[/actuator/health],methods=[GET],produces=[application/vnd.spring-boot.actuator.v2+json || application/json]}" onto public java.lang.Object org.springframework.boot.actuate.endpoint.web.servlet.AbstractWebMvcEndpointHandlerMapping$OperationHandler.handle(javax.servlet.http.HttpServletRequest,java.util.Map<java.lang.String, java.lang.String>)
2018-09-26 23:32:05.547  INFO 5676 --- [           main] s.b.a.e.w.s.WebMvcEndpointHandlerMapping : Mapped "{[/actuator/info],methods=[GET],produces=[application/vnd.spring-boot.actuator.v2+json || application/json]}" onto public java.lang.Object org.springframework.boot.actuate.endpoint.web.servlet.AbstractWebMvcEndpointHandlerMapping$OperationHandler.handle(javax.servlet.http.HttpServletRequest,java.util.Map<java.lang.String, java.lang.String>)
2018-09-26 23:32:05.548  INFO 5676 --- [           main] s.b.a.e.w.s.WebMvcEndpointHandlerMapping : Mapped "{[/actuator],methods=[GET],produces=[application/vnd.spring-boot.actuator.v2+json || application/json]}" onto protected java.util.Map<java.lang.String, java.util.Map<java.lang.String, org.springframework.boot.actuate.endpoint.web.Link>> org.springframework.boot.actuate.endpoint.web.servlet.WebMvcEndpointHandlerMapping.links(javax.servlet.http.HttpServletRequest,javax.servlet.http.HttpServletResponse)
2018-09-26 23:32:05.606  INFO 5676 --- [           main] o.s.j.e.a.AnnotationMBeanExporter        : Registering beans for JMX exposure on startup
2018-09-26 23:32:05.617  INFO 5676 --- [           main] o.s.j.e.a.AnnotationMBeanExporter        : Bean with name 'environmentManager' has been autodetected for JMX exposure
2018-09-26 23:32:05.619  INFO 5676 --- [           main] o.s.j.e.a.AnnotationMBeanExporter        : Bean with name 'configurationPropertiesRebinder' has been autodetected for JMX exposure
2018-09-26 23:32:05.619  INFO 5676 --- [           main] o.s.j.e.a.AnnotationMBeanExporter        : Bean with name 'refreshScope' has been autodetected for JMX exposure
2018-09-26 23:32:05.623  INFO 5676 --- [           main] o.s.j.e.a.AnnotationMBeanExporter        : Located managed bean 'environmentManager': registering with JMX server as MBean [org.springframework.cloud.context.environment:name=environmentManager,type=EnvironmentManager]
2018-09-26 23:32:05.635  INFO 5676 --- [           main] o.s.j.e.a.AnnotationMBeanExporter        : Located managed bean 'refreshScope': registering with JMX server as MBean [org.springframework.cloud.context.scope.refresh:name=refreshScope,type=RefreshScope]
2018-09-26 23:32:05.648  INFO 5676 --- [           main] o.s.j.e.a.AnnotationMBeanExporter        : Located managed bean 'configurationPropertiesRebinder': registering with JMX server as MBean [org.springframework.cloud.context.properties:name=configurationPropertiesRebinder,context=78c03f1f,type=ConfigurationPropertiesRebinder]
2018-09-26 23:32:05.660  INFO 5676 --- [           main] o.s.c.support.DefaultLifecycleProcessor  : Starting beans in phase 0
2018-09-26 23:32:05.667  INFO 5676 --- [           main] o.s.c.n.eureka.InstanceInfoFactory       : Setting initial instance status as: STARTING
2018-09-26 23:32:05.717  INFO 5676 --- [           main] com.netflix.discovery.DiscoveryClient    : Initializing Eureka in region us-east-1
2018-09-26 23:32:05.784  INFO 5676 --- [           main] c.n.d.provider.DiscoveryJerseyProvider   : Using JSON encoding codec LegacyJacksonJson
2018-09-26 23:32:05.785  INFO 5676 --- [           main] c.n.d.provider.DiscoveryJerseyProvider   : Using JSON decoding codec LegacyJacksonJson
2018-09-26 23:32:05.955  INFO 5676 --- [           main] c.n.d.provider.DiscoveryJerseyProvider   : Using XML encoding codec XStreamXml
2018-09-26 23:32:05.956  INFO 5676 --- [           main] c.n.d.provider.DiscoveryJerseyProvider   : Using XML decoding codec XStreamXml
2018-09-26 23:32:06.165  INFO 5676 --- [           main] c.n.d.s.r.aws.ConfigClusterResolver      : Resolving eureka endpoints via configuration
2018-09-26 23:32:06.192  INFO 5676 --- [           main] com.netflix.discovery.DiscoveryClient    : Disable delta property : false
2018-09-26 23:32:06.192  INFO 5676 --- [           main] com.netflix.discovery.DiscoveryClient    : Single vip registry refresh property : null
2018-09-26 23:32:06.192  INFO 5676 --- [           main] com.netflix.discovery.DiscoveryClient    : Force full registry fetch : false
2018-09-26 23:32:06.192  INFO 5676 --- [           main] com.netflix.discovery.DiscoveryClient    : Application is null : false
2018-09-26 23:32:06.192  INFO 5676 --- [           main] com.netflix.discovery.DiscoveryClient    : Registered Applications size is zero : true
2018-09-26 23:32:06.192  INFO 5676 --- [           main] com.netflix.discovery.DiscoveryClient    : Application version is -1: true
2018-09-26 23:32:06.192  INFO 5676 --- [           main] com.netflix.discovery.DiscoveryClient    : Getting all instance registry info from the eureka server
2018-09-26 23:32:06.502  INFO 5676 --- [           main] com.netflix.discovery.DiscoveryClient    : The response status is 200
2018-09-26 23:32:06.511  INFO 5676 --- [           main] com.netflix.discovery.DiscoveryClient    : Starting heartbeat executor: renew interval is: 30
2018-09-26 23:32:06.516  INFO 5676 --- [           main] c.n.discovery.InstanceInfoReplicator     : InstanceInfoReplicator onDemand update allowed rate per min is 4
2018-09-26 23:32:06.521  INFO 5676 --- [           main] com.netflix.discovery.DiscoveryClient    : Discovery Client initialized at timestamp 1538004726519 with initial instances count: 0
2018-09-26 23:32:06.560  INFO 5676 --- [           main] o.s.c.n.e.s.EurekaServiceRegistry        : Registering application apigatewayserver with eureka with status UP
2018-09-26 23:32:06.561  INFO 5676 --- [           main] com.netflix.discovery.DiscoveryClient    : Saw local status change event StatusChangeEvent [timestamp=1538004726561, current=UP, previous=STARTING]
2018-09-26 23:32:06.580  INFO 5676 --- [nfoReplicator-0] com.netflix.discovery.DiscoveryClient    : DiscoveryClient_APIGATEWAYSERVER/ip-172-31-1-219.ap-southeast-2.compute.internal:apigatewayserver:8765: registering service...
2018-09-26 23:32:06.727  INFO 5676 --- [           main] o.s.b.w.embedded.tomcat.TomcatWebServer  : Tomcat started on port(s): 8765 (http) with context path ''
2018-09-26 23:32:06.753  INFO 5676 --- [           main] .s.c.n.e.s.EurekaAutoServiceRegistration : Updating port to 8765
2018-09-26 23:32:06.788  INFO 5676 --- [           main] c.g.a.ApigatewayserverApplication        : Started ApigatewayserverApplication in 7.696 seconds (JVM running for 8.247)
2018-09-26 23:32:06.867  INFO 5676 --- [nfoReplicator-0] com.netflix.discovery.DiscoveryClient    : DiscoveryClient_APIGATEWAYSERVER/ip-172-31-1-219.ap-southeast-2.compute.internal:apigatewayserver:8765 - registration status: 204
2018-09-26 23:32:36.520  INFO 5676 --- [freshExecutor-0] com.netflix.discovery.DiscoveryClient    : Disable delta property : false
2018-09-26 23:32:36.520  INFO 5676 --- [freshExecutor-0] com.netflix.discovery.DiscoveryClient    : Single vip registry refresh property : null
2018-09-26 23:32:36.520  INFO 5676 --- [freshExecutor-0] com.netflix.discovery.DiscoveryClient    : Force full registry fetch : false
2018-09-26 23:32:36.520  INFO 5676 --- [freshExecutor-0] com.netflix.discovery.DiscoveryClient    : Application is null : false
2018-09-26 23:32:36.520  INFO 5676 --- [freshExecutor-0] com.netflix.discovery.DiscoveryClient    : Registered Applications size is zero : true
2018-09-26 23:32:36.520  INFO 5676 --- [freshExecutor-0] com.netflix.discovery.DiscoveryClient    : Application version is -1: false
2018-09-26 23:32:36.520  INFO 5676 --- [freshExecutor-0] com.netflix.discovery.DiscoveryClient    : Getting all instance registry info from the eureka server
2018-09-26 23:32:36.620  INFO 5676 --- [freshExecutor-0] com.netflix.discovery.DiscoveryClient    : The response status is 200
2018-09-26 23:37:06.195  INFO 5676 --- [trap-executor-0] c.n.d.s.r.aws.ConfigClusterResolver      : Resolving eureka endpoints via configuration
