2018-09-26 23:32:31.360  INFO [-,,,] 5834 --- [           main] s.c.a.AnnotationConfigApplicationContext : Refreshing org.springframework.context.annotation.AnnotationConfigApplicationContext@47fd17e3: startup date [Wed Sep 26 23:32:31 UTC 2018]; root of context hierarchy
2018-09-26 23:32:32.712  INFO [-,,,] 5834 --- [           main] f.a.AutowiredAnnotationBeanPostProcessor : JSR-330 'javax.inject.Inject' annotation found and supported for autowiring
2018-09-26 23:32:32.835  INFO [-,,,] 5834 --- [           main] trationDelegate$BeanPostProcessorChecker : Bean 'configurationPropertiesRebinderAutoConfiguration' of type [org.springframework.cloud.autoconfigure.ConfigurationPropertiesRebinderAutoConfiguration$$EnhancerBySpringCGLIB$$8bb189d1] is not eligible for getting processed by all BeanPostProcessors (for example: not eligible for auto-proxying)

  .   ____          _            __ _ _
 /\\ / ___'_ __ _ _(_)_ __  __ _ \ \ \ \
( ( )\___ | '_ | '_| | '_ \/ _` | \ \ \ \
 \\/  ___)| |_)| | | | | || (_| |  ) ) ) )
  '  |____| .__|_| |_|_| |_\__, | / / / /
 =========|_|==============|___/=/_/_/_/
 :: Spring Boot ::        (v2.0.4.RELEASE)

2018-09-26 23:32:33.391  INFO [microservice_item,,,] 5834 --- [           main] c.c.c.ConfigServicePropertySourceLocator : Fetching config from server at : http://localhost:8888
2018-09-26 23:32:33.732  WARN [microservice_item,,,] 5834 --- [           main] c.c.c.ConfigServicePropertySourceLocator : Could not locate PropertySource: label not found
2018-09-26 23:32:33.735  INFO [microservice_item,,,] 5834 --- [           main] c.b.g.g.GrizzlystoreItemApplication      : No active profile set, falling back to default profiles: default
2018-09-26 23:32:33.770  INFO [microservice_item,,,] 5834 --- [           main] ConfigServletWebServerApplicationContext : Refreshing org.springframework.boot.web.servlet.context.AnnotationConfigServletWebServerApplicationContext@192b07fd: startup date [Wed Sep 26 23:32:33 UTC 2018]; parent: org.springframework.context.annotation.AnnotationConfigApplicationContext@47fd17e3
2018-09-26 23:32:35.966  INFO [microservice_item,,,] 5834 --- [           main] o.s.b.f.s.DefaultListableBeanFactory     : Overriding bean definition for bean 'dataSource' with a different definition: replacing [Root bean: class [null]; scope=refresh; abstract=false; lazyInit=false; autowireMode=3; dependencyCheck=0; autowireCandidate=false; primary=false; factoryBeanName=org.springframework.boot.autoconfigure.jdbc.DataSourceConfiguration$Hikari; factoryMethodName=dataSource; initMethodName=null; destroyMethodName=(inferred); defined in class path resource [org/springframework/boot/autoconfigure/jdbc/DataSourceConfiguration$Hikari.class]] with [Root bean: class [org.springframework.aop.scope.ScopedProxyFactoryBean]; scope=; abstract=false; lazyInit=false; autowireMode=0; dependencyCheck=0; autowireCandidate=true; primary=false; factoryBeanName=null; factoryMethodName=null; initMethodName=null; destroyMethodName=null; defined in BeanDefinition defined in class path resource [org/springframework/boot/autoconfigure/jdbc/DataSourceConfiguration$Hikari.class]]
2018-09-26 23:32:36.251  INFO [microservice_item,,,] 5834 --- [           main] o.s.cloud.context.scope.GenericScope     : BeanFactory id=4874ee33-2772-3828-be01-02ef9ba89b8e
2018-09-26 23:32:36.295  INFO [microservice_item,,,] 5834 --- [           main] f.a.AutowiredAnnotationBeanPostProcessor : JSR-330 'javax.inject.Inject' annotation found and supported for autowiring
2018-09-26 23:32:36.935  INFO [microservice_item,,,] 5834 --- [           main] trationDelegate$BeanPostProcessorChecker : Bean 'org.springframework.transaction.annotation.ProxyTransactionManagementConfiguration' of type [org.springframework.transaction.annotation.ProxyTransactionManagementConfiguration$$EnhancerBySpringCGLIB$$6f9786d4] is not eligible for getting processed by all BeanPostProcessors (for example: not eligible for auto-proxying)
2018-09-26 23:32:37.030  INFO [microservice_item,,,] 5834 --- [           main] trationDelegate$BeanPostProcessorChecker : Bean 'org.springframework.cloud.autoconfigure.ConfigurationPropertiesRebinderAutoConfiguration' of type [org.springframework.cloud.autoconfigure.ConfigurationPropertiesRebinderAutoConfiguration$$EnhancerBySpringCGLIB$$8bb189d1] is not eligible for getting processed by all BeanPostProcessors (for example: not eligible for auto-proxying)
2018-09-26 23:32:37.638  INFO [microservice_item,,,] 5834 --- [           main] o.s.b.w.embedded.tomcat.TomcatWebServer  : Tomcat initialized with port(s): 10003 (http)
2018-09-26 23:32:37.675  INFO [microservice_item,,,] 5834 --- [           main] o.apache.catalina.core.StandardService   : Starting service [Tomcat]
2018-09-26 23:32:37.675  INFO [microservice_item,,,] 5834 --- [           main] org.apache.catalina.core.StandardEngine  : Starting Servlet Engine: Apache Tomcat/8.5.32
2018-09-26 23:32:37.690  INFO [microservice_item,,,] 5834 --- [ost-startStop-1] o.a.catalina.core.AprLifecycleListener   : The APR based Apache Tomcat Native library which allows optimal performance in production environments was not found on the java.library.path: [/usr/java/packages/lib/amd64:/usr/lib64:/lib64:/lib:/usr/lib]
2018-09-26 23:32:37.794  INFO [microservice_item,,,] 5834 --- [ost-startStop-1] o.a.c.c.C.[Tomcat].[localhost].[/]       : Initializing Spring embedded WebApplicationContext
2018-09-26 23:32:37.794  INFO [microservice_item,,,] 5834 --- [ost-startStop-1] o.s.web.context.ContextLoader            : Root WebApplicationContext: initialization completed in 4024 ms
2018-09-26 23:32:38.081  WARN [microservice_item,,,] 5834 --- [ost-startStop-1] c.n.c.sources.URLConfigurationSource     : No URLs will be polled as dynamic configuration sources.
2018-09-26 23:32:38.082  INFO [microservice_item,,,] 5834 --- [ost-startStop-1] c.n.c.sources.URLConfigurationSource     : To enable URLs as dynamic configuration sources, define System property archaius.configurationSource.additionalUrls or make config.properties available on classpath.
2018-09-26 23:32:38.102  INFO [microservice_item,,,] 5834 --- [ost-startStop-1] c.netflix.config.DynamicPropertyFactory  : DynamicPropertyFactory is initialized with configuration sources: com.netflix.config.ConcurrentCompositeConfiguration@1a4c6e90
2018-09-26 23:32:39.991  INFO [microservice_item,,,] 5834 --- [ost-startStop-1] o.s.b.w.servlet.FilterRegistrationBean   : Mapping filter: 'characterEncodingFilter' to: [/*]
2018-09-26 23:32:39.992  INFO [microservice_item,,,] 5834 --- [ost-startStop-1] o.s.b.w.servlet.FilterRegistrationBean   : Mapping filter: 'webMvcMetricsFilter' to: [/*]
2018-09-26 23:32:39.992  INFO [microservice_item,,,] 5834 --- [ost-startStop-1] o.s.b.w.servlet.FilterRegistrationBean   : Mapping filter: 'tracingFilter' to: [/*]
2018-09-26 23:32:39.992  INFO [microservice_item,,,] 5834 --- [ost-startStop-1] o.s.b.w.servlet.FilterRegistrationBean   : Mapping filter: 'exceptionLoggingFilter' to: [/*]
2018-09-26 23:32:39.992  INFO [microservice_item,,,] 5834 --- [ost-startStop-1] o.s.b.w.servlet.FilterRegistrationBean   : Mapping filter: 'hiddenHttpMethodFilter' to: [/*]
2018-09-26 23:32:39.992  INFO [microservice_item,,,] 5834 --- [ost-startStop-1] o.s.b.w.servlet.FilterRegistrationBean   : Mapping filter: 'httpPutFormContentFilter' to: [/*]
2018-09-26 23:32:39.992  INFO [microservice_item,,,] 5834 --- [ost-startStop-1] o.s.b.w.servlet.FilterRegistrationBean   : Mapping filter: 'requestContextFilter' to: [/*]
2018-09-26 23:32:39.992  INFO [microservice_item,,,] 5834 --- [ost-startStop-1] o.s.b.w.servlet.FilterRegistrationBean   : Mapping filter: 'httpTraceFilter' to: [/*]
2018-09-26 23:32:39.992  INFO [microservice_item,,,] 5834 --- [ost-startStop-1] o.s.b.w.servlet.ServletRegistrationBean  : Servlet dispatcherServlet mapped to [/]
2018-09-26 23:32:40.255  INFO [microservice_item,,,] 5834 --- [           main] com.zaxxer.hikari.HikariDataSource       : HikariPool-1 - Starting...
2018-09-26 23:32:40.616  INFO [microservice_item,,,] 5834 --- [           main] com.zaxxer.hikari.HikariDataSource       : HikariPool-1 - Start completed.
2018-09-26 23:32:40.693  INFO [microservice_item,,,] 5834 --- [           main] j.LocalContainerEntityManagerFactoryBean : Building JPA container EntityManagerFactory for persistence unit 'default'
2018-09-26 23:32:40.719  INFO [microservice_item,,,] 5834 --- [           main] o.hibernate.jpa.internal.util.LogHelper  : HHH000204: Processing PersistenceUnitInfo [
	name: default
	...]
2018-09-26 23:32:40.992  INFO [microservice_item,,,] 5834 --- [           main] org.hibernate.Version                    : HHH000412: Hibernate Core {5.2.17.Final}
2018-09-26 23:32:40.994  INFO [microservice_item,,,] 5834 --- [           main] org.hibernate.cfg.Environment            : HHH000206: hibernate.properties not found
2018-09-26 23:32:41.070  INFO [microservice_item,,,] 5834 --- [           main] o.hibernate.annotations.common.Version   : HCANN000001: Hibernate Commons Annotations {5.0.1.Final}
2018-09-26 23:32:41.388 DEBUG [microservice_item,,,] 5834 --- [           main] org.hibernate.type.BasicTypeRegistry     : Adding type registration boolean -> org.hibernate.type.BooleanType@17cdf2d0
2018-09-26 23:32:41.389 DEBUG [microservice_item,,,] 5834 --- [           main] org.hibernate.type.BasicTypeRegistry     : Adding type registration boolean -> org.hibernate.type.BooleanType@17cdf2d0
2018-09-26 23:32:41.389 DEBUG [microservice_item,,,] 5834 --- [           main] org.hibernate.type.BasicTypeRegistry     : Adding type registration java.lang.Boolean -> org.hibernate.type.BooleanType@17cdf2d0
2018-09-26 23:32:41.391 DEBUG [microservice_item,,,] 5834 --- [           main] org.hibernate.type.BasicTypeRegistry     : Adding type registration numeric_boolean -> org.hibernate.type.NumericBooleanType@1755e85b
2018-09-26 23:32:41.392 DEBUG [microservice_item,,,] 5834 --- [           main] org.hibernate.type.BasicTypeRegistry     : Adding type registration true_false -> org.hibernate.type.TrueFalseType@736d6a5c
2018-09-26 23:32:41.393 DEBUG [microservice_item,,,] 5834 --- [           main] org.hibernate.type.BasicTypeRegistry     : Adding type registration yes_no -> org.hibernate.type.YesNoType@2371aaca
2018-09-26 23:32:41.395 DEBUG [microservice_item,,,] 5834 --- [           main] org.hibernate.type.BasicTypeRegistry     : Adding type registration byte -> org.hibernate.type.ByteType@5b529706
2018-09-26 23:32:41.395 DEBUG [microservice_item,,,] 5834 --- [           main] org.hibernate.type.BasicTypeRegistry     : Adding type registration byte -> org.hibernate.type.ByteType@5b529706
2018-09-26 23:32:41.395 DEBUG [microservice_item,,,] 5834 --- [           main] org.hibernate.type.BasicTypeRegistry     : Adding type registration java.lang.Byte -> org.hibernate.type.ByteType@5b529706
2018-09-26 23:32:41.396 DEBUG [microservice_item,,,] 5834 --- [           main] org.hibernate.type.BasicTypeRegistry     : Adding type registration character -> org.hibernate.type.CharacterType@63fdab07
2018-09-26 23:32:41.396 DEBUG [microservice_item,,,] 5834 --- [           main] org.hibernate.type.BasicTypeRegistry     : Adding type registration char -> org.hibernate.type.CharacterType@63fdab07
2018-09-26 23:32:41.397 DEBUG [microservice_item,,,] 5834 --- [           main] org.hibernate.type.BasicTypeRegistry     : Adding type registration java.lang.Character -> org.hibernate.type.CharacterType@63fdab07
2018-09-26 23:32:41.398 DEBUG [microservice_item,,,] 5834 --- [           main] org.hibernate.type.BasicTypeRegistry     : Adding type registration short -> org.hibernate.type.ShortType@7b5a12ae
2018-09-26 23:32:41.399 DEBUG [microservice_item,,,] 5834 --- [           main] org.hibernate.type.BasicTypeRegistry     : Adding type registration short -> org.hibernate.type.ShortType@7b5a12ae
2018-09-26 23:32:41.399 DEBUG [microservice_item,,,] 5834 --- [           main] org.hibernate.type.BasicTypeRegistry     : Adding type registration java.lang.Short -> org.hibernate.type.ShortType@7b5a12ae
2018-09-26 23:32:41.408 DEBUG [microservice_item,,,] 5834 --- [           main] org.hibernate.type.BasicTypeRegistry     : Adding type registration integer -> org.hibernate.type.IntegerType@5553d0f5
2018-09-26 23:32:41.408 DEBUG [microservice_item,,,] 5834 --- [           main] org.hibernate.type.BasicTypeRegistry     : Adding type registration int -> org.hibernate.type.IntegerType@5553d0f5
2018-09-26 23:32:41.408 DEBUG [microservice_item,,,] 5834 --- [           main] org.hibernate.type.BasicTypeRegistry     : Adding type registration java.lang.Integer -> org.hibernate.type.IntegerType@5553d0f5
2018-09-26 23:32:41.412 DEBUG [microservice_item,,,] 5834 --- [           main] org.hibernate.type.BasicTypeRegistry     : Adding type registration long -> org.hibernate.type.LongType@1af687fe
2018-09-26 23:32:41.412 DEBUG [microservice_item,,,] 5834 --- [           main] org.hibernate.type.BasicTypeRegistry     : Adding type registration long -> org.hibernate.type.LongType@1af687fe
2018-09-26 23:32:41.412 DEBUG [microservice_item,,,] 5834 --- [           main] org.hibernate.type.BasicTypeRegistry     : Adding type registration java.lang.Long -> org.hibernate.type.LongType@1af687fe
2018-09-26 23:32:41.414 DEBUG [microservice_item,,,] 5834 --- [           main] org.hibernate.type.BasicTypeRegistry     : Adding type registration float -> org.hibernate.type.FloatType@14dda234
2018-09-26 23:32:41.414 DEBUG [microservice_item,,,] 5834 --- [           main] org.hibernate.type.BasicTypeRegistry     : Adding type registration float -> org.hibernate.type.FloatType@14dda234
2018-09-26 23:32:41.414 DEBUG [microservice_item,,,] 5834 --- [           main] org.hibernate.type.BasicTypeRegistry     : Adding type registration java.lang.Float -> org.hibernate.type.FloatType@14dda234
2018-09-26 23:32:41.416 DEBUG [microservice_item,,,] 5834 --- [           main] org.hibernate.type.BasicTypeRegistry     : Adding type registration double -> org.hibernate.type.DoubleType@3f390d63
2018-09-26 23:32:41.416 DEBUG [microservice_item,,,] 5834 --- [           main] org.hibernate.type.BasicTypeRegistry     : Adding type registration double -> org.hibernate.type.DoubleType@3f390d63
2018-09-26 23:32:41.416 DEBUG [microservice_item,,,] 5834 --- [           main] org.hibernate.type.BasicTypeRegistry     : Adding type registration java.lang.Double -> org.hibernate.type.DoubleType@3f390d63
2018-09-26 23:32:41.418 DEBUG [microservice_item,,,] 5834 --- [           main] org.hibernate.type.BasicTypeRegistry     : Adding type registration big_decimal -> org.hibernate.type.BigDecimalType@74a6a609
2018-09-26 23:32:41.419 DEBUG [microservice_item,,,] 5834 --- [           main] org.hibernate.type.BasicTypeRegistry     : Adding type registration java.math.BigDecimal -> org.hibernate.type.BigDecimalType@74a6a609
2018-09-26 23:32:41.420 DEBUG [microservice_item,,,] 5834 --- [           main] org.hibernate.type.BasicTypeRegistry     : Adding type registration big_integer -> org.hibernate.type.BigIntegerType@5a411614
2018-09-26 23:32:41.420 DEBUG [microservice_item,,,] 5834 --- [           main] org.hibernate.type.BasicTypeRegistry     : Adding type registration java.math.BigInteger -> org.hibernate.type.BigIntegerType@5a411614
2018-09-26 23:32:41.423 DEBUG [microservice_item,,,] 5834 --- [           main] org.hibernate.type.BasicTypeRegistry     : Adding type registration string -> org.hibernate.type.StringType@2374d36a
2018-09-26 23:32:41.423 DEBUG [microservice_item,,,] 5834 --- [           main] org.hibernate.type.BasicTypeRegistry     : Adding type registration java.lang.String -> org.hibernate.type.StringType@2374d36a
2018-09-26 23:32:41.424 DEBUG [microservice_item,,,] 5834 --- [           main] org.hibernate.type.BasicTypeRegistry     : Adding type registration nstring -> org.hibernate.type.StringNVarcharType@54d18072
2018-09-26 23:32:41.425 DEBUG [microservice_item,,,] 5834 --- [           main] org.hibernate.type.BasicTypeRegistry     : Adding type registration ncharacter -> org.hibernate.type.CharacterNCharType@1506f20f
2018-09-26 23:32:41.426 DEBUG [microservice_item,,,] 5834 --- [           main] org.hibernate.type.BasicTypeRegistry     : Adding type registration url -> org.hibernate.type.UrlType@47a5b70d
2018-09-26 23:32:41.426 DEBUG [microservice_item,,,] 5834 --- [           main] org.hibernate.type.BasicTypeRegistry     : Adding type registration java.net.URL -> org.hibernate.type.UrlType@47a5b70d
2018-09-26 23:32:41.428 DEBUG [microservice_item,,,] 5834 --- [           main] org.hibernate.type.BasicTypeRegistry     : Adding type registration Duration -> org.hibernate.type.DurationType@424fd310
2018-09-26 23:32:41.428 DEBUG [microservice_item,,,] 5834 --- [           main] org.hibernate.type.BasicTypeRegistry     : Adding type registration java.time.Duration -> org.hibernate.type.DurationType@424fd310
2018-09-26 23:32:41.430 DEBUG [microservice_item,,,] 5834 --- [           main] org.hibernate.type.BasicTypeRegistry     : Adding type registration Instant -> org.hibernate.type.InstantType@1a45193b
2018-09-26 23:32:41.430 DEBUG [microservice_item,,,] 5834 --- [           main] org.hibernate.type.BasicTypeRegistry     : Adding type registration java.time.Instant -> org.hibernate.type.InstantType@1a45193b
2018-09-26 23:32:41.431 DEBUG [microservice_item,,,] 5834 --- [           main] org.hibernate.type.BasicTypeRegistry     : Adding type registration LocalDateTime -> org.hibernate.type.LocalDateTimeType@38f116f6
2018-09-26 23:32:41.431 DEBUG [microservice_item,,,] 5834 --- [           main] org.hibernate.type.BasicTypeRegistry     : Adding type registration java.time.LocalDateTime -> org.hibernate.type.LocalDateTimeType@38f116f6
2018-09-26 23:32:41.435 DEBUG [microservice_item,,,] 5834 --- [           main] org.hibernate.type.BasicTypeRegistry     : Adding type registration LocalDate -> org.hibernate.type.LocalDateType@5286c33a
2018-09-26 23:32:41.435 DEBUG [microservice_item,,,] 5834 --- [           main] org.hibernate.type.BasicTypeRegistry     : Adding type registration java.time.LocalDate -> org.hibernate.type.LocalDateType@5286c33a
2018-09-26 23:32:41.437 DEBUG [microservice_item,,,] 5834 --- [           main] org.hibernate.type.BasicTypeRegistry     : Adding type registration LocalTime -> org.hibernate.type.LocalTimeType@6e6d5d29
2018-09-26 23:32:41.437 DEBUG [microservice_item,,,] 5834 --- [           main] org.hibernate.type.BasicTypeRegistry     : Adding type registration java.time.LocalTime -> org.hibernate.type.LocalTimeType@6e6d5d29
2018-09-26 23:32:41.439 DEBUG [microservice_item,,,] 5834 --- [           main] org.hibernate.type.BasicTypeRegistry     : Adding type registration OffsetDateTime -> org.hibernate.type.OffsetDateTimeType@5c530d1e
2018-09-26 23:32:41.439 DEBUG [microservice_item,,,] 5834 --- [           main] org.hibernate.type.BasicTypeRegistry     : Adding type registration java.time.OffsetDateTime -> org.hibernate.type.OffsetDateTimeType@5c530d1e
2018-09-26 23:32:41.440 DEBUG [microservice_item,,,] 5834 --- [           main] org.hibernate.type.BasicTypeRegistry     : Adding type registration OffsetTime -> org.hibernate.type.OffsetTimeType@6c25e6c4
2018-09-26 23:32:41.440 DEBUG [microservice_item,,,] 5834 --- [           main] org.hibernate.type.BasicTypeRegistry     : Adding type registration java.time.OffsetTime -> org.hibernate.type.OffsetTimeType@6c25e6c4
2018-09-26 23:32:41.442 DEBUG [microservice_item,,,] 5834 --- [           main] org.hibernate.type.BasicTypeRegistry     : Adding type registration ZonedDateTime -> org.hibernate.type.ZonedDateTimeType@85e6769
2018-09-26 23:32:41.442 DEBUG [microservice_item,,,] 5834 --- [           main] org.hibernate.type.BasicTypeRegistry     : Adding type registration java.time.ZonedDateTime -> org.hibernate.type.ZonedDateTimeType@85e6769
2018-09-26 23:32:41.447 DEBUG [microservice_item,,,] 5834 --- [           main] org.hibernate.type.BasicTypeRegistry     : Adding type registration date -> org.hibernate.type.DateType@c5ee75e
2018-09-26 23:32:41.448 DEBUG [microservice_item,,,] 5834 --- [           main] org.hibernate.type.BasicTypeRegistry     : Adding type registration java.sql.Date -> org.hibernate.type.DateType@c5ee75e
2018-09-26 23:32:41.449 DEBUG [microservice_item,,,] 5834 --- [           main] org.hibernate.type.BasicTypeRegistry     : Adding type registration time -> org.hibernate.type.TimeType@48a12036
2018-09-26 23:32:41.449 DEBUG [microservice_item,,,] 5834 --- [           main] org.hibernate.type.BasicTypeRegistry     : Adding type registration java.sql.Time -> org.hibernate.type.TimeType@48a12036
2018-09-26 23:32:41.451 DEBUG [microservice_item,,,] 5834 --- [           main] org.hibernate.type.BasicTypeRegistry     : Adding type registration timestamp -> org.hibernate.type.TimestampType@bf1ec20
2018-09-26 23:32:41.451 DEBUG [microservice_item,,,] 5834 --- [           main] org.hibernate.type.BasicTypeRegistry     : Adding type registration java.sql.Timestamp -> org.hibernate.type.TimestampType@bf1ec20
2018-09-26 23:32:41.451 DEBUG [microservice_item,,,] 5834 --- [           main] org.hibernate.type.BasicTypeRegistry     : Adding type registration java.util.Date -> org.hibernate.type.TimestampType@bf1ec20
2018-09-26 23:32:41.452 DEBUG [microservice_item,,,] 5834 --- [           main] org.hibernate.type.BasicTypeRegistry     : Adding type registration dbtimestamp -> org.hibernate.type.DbTimestampType@70efb718
2018-09-26 23:32:41.454 DEBUG [microservice_item,,,] 5834 --- [           main] org.hibernate.type.BasicTypeRegistry     : Adding type registration calendar -> org.hibernate.type.CalendarType@b70da4c
2018-09-26 23:32:41.454 DEBUG [microservice_item,,,] 5834 --- [           main] org.hibernate.type.BasicTypeRegistry     : Adding type registration java.util.Calendar -> org.hibernate.type.CalendarType@b70da4c
2018-09-26 23:32:41.454 DEBUG [microservice_item,,,] 5834 --- [           main] org.hibernate.type.BasicTypeRegistry     : Adding type registration java.util.GregorianCalendar -> org.hibernate.type.CalendarType@b70da4c
2018-09-26 23:32:41.455 DEBUG [microservice_item,,,] 5834 --- [           main] org.hibernate.type.BasicTypeRegistry     : Adding type registration calendar_date -> org.hibernate.type.CalendarDateType@4a11eb84
2018-09-26 23:32:41.457 DEBUG [microservice_item,,,] 5834 --- [           main] org.hibernate.type.BasicTypeRegistry     : Adding type registration locale -> org.hibernate.type.LocaleType@4e858e0a
2018-09-26 23:32:41.457 DEBUG [microservice_item,,,] 5834 --- [           main] org.hibernate.type.BasicTypeRegistry     : Adding type registration java.util.Locale -> org.hibernate.type.LocaleType@4e858e0a
2018-09-26 23:32:41.458 DEBUG [microservice_item,,,] 5834 --- [           main] org.hibernate.type.BasicTypeRegistry     : Adding type registration currency -> org.hibernate.type.CurrencyType@435fb7b5
2018-09-26 23:32:41.458 DEBUG [microservice_item,,,] 5834 --- [           main] org.hibernate.type.BasicTypeRegistry     : Adding type registration java.util.Currency -> org.hibernate.type.CurrencyType@435fb7b5
2018-09-26 23:32:41.459 DEBUG [microservice_item,,,] 5834 --- [           main] org.hibernate.type.BasicTypeRegistry     : Adding type registration timezone -> org.hibernate.type.TimeZoneType@4e70a728
2018-09-26 23:32:41.459 DEBUG [microservice_item,,,] 5834 --- [           main] org.hibernate.type.BasicTypeRegistry     : Adding type registration java.util.TimeZone -> org.hibernate.type.TimeZoneType@4e70a728
2018-09-26 23:32:41.460 DEBUG [microservice_item,,,] 5834 --- [           main] org.hibernate.type.BasicTypeRegistry     : Adding type registration class -> org.hibernate.type.ClassType@b7838a9
2018-09-26 23:32:41.460 DEBUG [microservice_item,,,] 5834 --- [           main] org.hibernate.type.BasicTypeRegistry     : Adding type registration java.lang.Class -> org.hibernate.type.ClassType@b7838a9
2018-09-26 23:32:41.462 DEBUG [microservice_item,,,] 5834 --- [           main] org.hibernate.type.BasicTypeRegistry     : Adding type registration uuid-binary -> org.hibernate.type.UUIDBinaryType@696f0212
2018-09-26 23:32:41.463 DEBUG [microservice_item,,,] 5834 --- [           main] org.hibernate.type.BasicTypeRegistry     : Adding type registration java.util.UUID -> org.hibernate.type.UUIDBinaryType@696f0212
2018-09-26 23:32:41.463 DEBUG [microservice_item,,,] 5834 --- [           main] org.hibernate.type.BasicTypeRegistry     : Adding type registration uuid-char -> org.hibernate.type.UUIDCharType@5733f295
2018-09-26 23:32:41.465 DEBUG [microservice_item,,,] 5834 --- [           main] org.hibernate.type.BasicTypeRegistry     : Adding type registration binary -> org.hibernate.type.BinaryType@1c3146bc
2018-09-26 23:32:41.465 DEBUG [microservice_item,,,] 5834 --- [           main] org.hibernate.type.BasicTypeRegistry     : Adding type registration byte[] -> org.hibernate.type.BinaryType@1c3146bc
2018-09-26 23:32:41.465 DEBUG [microservice_item,,,] 5834 --- [           main] org.hibernate.type.BasicTypeRegistry     : Adding type registration [B -> org.hibernate.type.BinaryType@1c3146bc
2018-09-26 23:32:41.466 DEBUG [microservice_item,,,] 5834 --- [           main] org.hibernate.type.BasicTypeRegistry     : Adding type registration wrapper-binary -> org.hibernate.type.WrapperBinaryType@56c698e3
2018-09-26 23:32:41.466 DEBUG [microservice_item,,,] 5834 --- [           main] org.hibernate.type.BasicTypeRegistry     : Adding type registration Byte[] -> org.hibernate.type.WrapperBinaryType@56c698e3
2018-09-26 23:32:41.466 DEBUG [microservice_item,,,] 5834 --- [           main] org.hibernate.type.BasicTypeRegistry     : Adding type registration [Ljava.lang.Byte; -> org.hibernate.type.WrapperBinaryType@56c698e3
2018-09-26 23:32:41.469 DEBUG [microservice_item,,,] 5834 --- [           main] org.hibernate.type.BasicTypeRegistry     : Adding type registration row_version -> org.hibernate.type.RowVersionType@47a86fbb
2018-09-26 23:32:41.470 DEBUG [microservice_item,,,] 5834 --- [           main] org.hibernate.type.BasicTypeRegistry     : Adding type registration image -> org.hibernate.type.ImageType@f478a81
2018-09-26 23:32:41.473 DEBUG [microservice_item,,,] 5834 --- [           main] org.hibernate.type.BasicTypeRegistry     : Adding type registration characters -> org.hibernate.type.CharArrayType@19553973
2018-09-26 23:32:41.473 DEBUG [microservice_item,,,] 5834 --- [           main] org.hibernate.type.BasicTypeRegistry     : Adding type registration char[] -> org.hibernate.type.CharArrayType@19553973
2018-09-26 23:32:41.473 DEBUG [microservice_item,,,] 5834 --- [           main] org.hibernate.type.BasicTypeRegistry     : Adding type registration [C -> org.hibernate.type.CharArrayType@19553973
2018-09-26 23:32:41.475 DEBUG [microservice_item,,,] 5834 --- [           main] org.hibernate.type.BasicTypeRegistry     : Adding type registration wrapper-characters -> org.hibernate.type.CharacterArrayType@7bb6ab3a
2018-09-26 23:32:41.475 DEBUG [microservice_item,,,] 5834 --- [           main] org.hibernate.type.BasicTypeRegistry     : Adding type registration [Ljava.lang.Character; -> org.hibernate.type.CharacterArrayType@7bb6ab3a
2018-09-26 23:32:41.475 DEBUG [microservice_item,,,] 5834 --- [           main] org.hibernate.type.BasicTypeRegistry     : Adding type registration Character[] -> org.hibernate.type.CharacterArrayType@7bb6ab3a
2018-09-26 23:32:41.476 DEBUG [microservice_item,,,] 5834 --- [           main] org.hibernate.type.BasicTypeRegistry     : Adding type registration text -> org.hibernate.type.TextType@7fe7c640
2018-09-26 23:32:41.477 DEBUG [microservice_item,,,] 5834 --- [           main] org.hibernate.type.BasicTypeRegistry     : Adding type registration ntext -> org.hibernate.type.NTextType@4c4748bf
2018-09-26 23:32:41.487 DEBUG [microservice_item,,,] 5834 --- [           main] org.hibernate.type.BasicTypeRegistry     : Adding type registration blob -> org.hibernate.type.BlobType@7ce97ee5
2018-09-26 23:32:41.487 DEBUG [microservice_item,,,] 5834 --- [           main] org.hibernate.type.BasicTypeRegistry     : Adding type registration java.sql.Blob -> org.hibernate.type.BlobType@7ce97ee5
2018-09-26 23:32:41.488 DEBUG [microservice_item,,,] 5834 --- [           main] org.hibernate.type.BasicTypeRegistry     : Adding type registration materialized_blob -> org.hibernate.type.MaterializedBlobType@32c8e539
2018-09-26 23:32:41.494 DEBUG [microservice_item,,,] 5834 --- [           main] org.hibernate.type.BasicTypeRegistry     : Adding type registration clob -> org.hibernate.type.ClobType@73dce0e6
2018-09-26 23:32:41.494 DEBUG [microservice_item,,,] 5834 --- [           main] org.hibernate.type.BasicTypeRegistry     : Adding type registration java.sql.Clob -> org.hibernate.type.ClobType@73dce0e6
2018-09-26 23:32:41.501 DEBUG [microservice_item,,,] 5834 --- [           main] org.hibernate.type.BasicTypeRegistry     : Adding type registration nclob -> org.hibernate.type.NClobType@5a85c92
2018-09-26 23:32:41.501 DEBUG [microservice_item,,,] 5834 --- [           main] org.hibernate.type.BasicTypeRegistry     : Adding type registration java.sql.NClob -> org.hibernate.type.NClobType@5a85c92
2018-09-26 23:32:41.501 DEBUG [microservice_item,,,] 5834 --- [           main] org.hibernate.type.BasicTypeRegistry     : Adding type registration materialized_clob -> org.hibernate.type.MaterializedClobType@32811494
2018-09-26 23:32:41.502 DEBUG [microservice_item,,,] 5834 --- [           main] org.hibernate.type.BasicTypeRegistry     : Adding type registration materialized_nclob -> org.hibernate.type.MaterializedNClobType@4795ded0
2018-09-26 23:32:41.504 DEBUG [microservice_item,,,] 5834 --- [           main] org.hibernate.type.BasicTypeRegistry     : Adding type registration serializable -> org.hibernate.type.SerializableType@53dacd14
2018-09-26 23:32:41.508 DEBUG [microservice_item,,,] 5834 --- [           main] org.hibernate.type.BasicTypeRegistry     : Adding type registration object -> org.hibernate.type.ObjectType@14d14731
2018-09-26 23:32:41.509 DEBUG [microservice_item,,,] 5834 --- [           main] org.hibernate.type.BasicTypeRegistry     : Adding type registration java.lang.Object -> org.hibernate.type.ObjectType@14d14731
2018-09-26 23:32:41.510 DEBUG [microservice_item,,,] 5834 --- [           main] org.hibernate.type.BasicTypeRegistry     : Adding type registration imm_date -> org.hibernate.type.AdaptedImmutableType@2eced48b
2018-09-26 23:32:41.510 DEBUG [microservice_item,,,] 5834 --- [           main] org.hibernate.type.BasicTypeRegistry     : Adding type registration imm_time -> org.hibernate.type.AdaptedImmutableType@47c4ecdc
2018-09-26 23:32:41.510 DEBUG [microservice_item,,,] 5834 --- [           main] org.hibernate.type.BasicTypeRegistry     : Adding type registration imm_timestamp -> org.hibernate.type.AdaptedImmutableType@42f33b5d
2018-09-26 23:32:41.510 DEBUG [microservice_item,,,] 5834 --- [           main] org.hibernate.type.BasicTypeRegistry     : Adding type registration imm_dbtimestamp -> org.hibernate.type.AdaptedImmutableType@5c8504fd
2018-09-26 23:32:41.511 DEBUG [microservice_item,,,] 5834 --- [           main] org.hibernate.type.BasicTypeRegistry     : Adding type registration imm_calendar -> org.hibernate.type.AdaptedImmutableType@4b7e96a
2018-09-26 23:32:41.511 DEBUG [microservice_item,,,] 5834 --- [           main] org.hibernate.type.BasicTypeRegistry     : Adding type registration imm_calendar_date -> org.hibernate.type.AdaptedImmutableType@6475472c
2018-09-26 23:32:41.511 DEBUG [microservice_item,,,] 5834 --- [           main] org.hibernate.type.BasicTypeRegistry     : Adding type registration imm_binary -> org.hibernate.type.AdaptedImmutableType@3f07b12c
2018-09-26 23:32:41.511 DEBUG [microservice_item,,,] 5834 --- [           main] org.hibernate.type.BasicTypeRegistry     : Adding type registration imm_serializable -> org.hibernate.type.AdaptedImmutableType@4bd1f8dd
2018-09-26 23:32:41.546  INFO [microservice_item,,,] 5834 --- [           main] org.hibernate.dialect.Dialect            : HHH000400: Using dialect: org.hibernate.dialect.MySQL5InnoDBDialect
2018-09-26 23:32:42.102 TRACE [microservice_item,,,] 5834 --- [           main] org.hibernate.type.TypeFactory           : Scoping types to session factory org.hibernate.internal.SessionFactoryImpl@2ece4966
2018-09-26 23:32:42.828 DEBUG [microservice_item,,,] 5834 --- [           main] org.hibernate.SQL                        : alter table item drop foreign key FKcftuoeugjk7u1156bgace3p4p
Hibernate: alter table item drop foreign key FKcftuoeugjk7u1156bgace3p4p
2018-09-26 23:32:42.926 DEBUG [microservice_item,,,] 5834 --- [           main] org.hibernate.SQL                        : drop table if exists category
Hibernate: drop table if exists category
2018-09-26 23:32:42.953 DEBUG [microservice_item,,,] 5834 --- [           main] org.hibernate.SQL                        : drop table if exists hibernate_sequence
Hibernate: drop table if exists hibernate_sequence
2018-09-26 23:32:42.958 DEBUG [microservice_item,,,] 5834 --- [           main] org.hibernate.SQL                        : drop table if exists item
Hibernate: drop table if exists item
2018-09-26 23:32:42.973 DEBUG [microservice_item,,,] 5834 --- [           main] org.hibernate.SQL                        : create table category (id_category integer not null, category_description varchar(255) not null, category_name varchar(255) not null, last_modified datetime not null, primary key (id_category)) engine=InnoDB
Hibernate: create table category (id_category integer not null, category_description varchar(255) not null, category_name varchar(255) not null, last_modified datetime not null, primary key (id_category)) engine=InnoDB
2018-09-26 23:32:43.025 DEBUG [microservice_item,,,] 5834 --- [           main] org.hibernate.SQL                        : create table hibernate_sequence (next_val bigint) engine=InnoDB
Hibernate: create table hibernate_sequence (next_val bigint) engine=InnoDB
2018-09-26 23:32:43.093 DEBUG [microservice_item,,,] 5834 --- [           main] org.hibernate.SQL                        : insert into hibernate_sequence values ( 1 )
Hibernate: insert into hibernate_sequence values ( 1 )
2018-09-26 23:32:43.095 DEBUG [microservice_item,,,] 5834 --- [           main] org.hibernate.SQL                        : insert into hibernate_sequence values ( 1 )
Hibernate: insert into hibernate_sequence values ( 1 )
2018-09-26 23:32:43.097 DEBUG [microservice_item,,,] 5834 --- [           main] org.hibernate.SQL                        : create table item (id_item integer not null, item_description varchar(255) not null, item_image varchar(255) not null, item_name varchar(255) not null, item_price double precision not null, item_sale_percentage integer not null, last_modified datetime not null, item_category_id integer not null, primary key (id_item)) engine=InnoDB
Hibernate: create table item (id_item integer not null, item_description varchar(255) not null, item_image varchar(255) not null, item_name varchar(255) not null, item_price double precision not null, item_sale_percentage integer not null, last_modified datetime not null, item_category_id integer not null, primary key (id_item)) engine=InnoDB
2018-09-26 23:32:43.111 DEBUG [microservice_item,,,] 5834 --- [           main] org.hibernate.SQL                        : alter table item add constraint FKcftuoeugjk7u1156bgace3p4p foreign key (item_category_id) references category (id_category)
Hibernate: alter table item add constraint FKcftuoeugjk7u1156bgace3p4p foreign key (item_category_id) references category (id_category)
2018-09-26 23:32:43.149  INFO [microservice_item,,,] 5834 --- [           main] o.h.t.schema.internal.SchemaCreatorImpl  : HHH000476: Executing import script 'org.hibernate.tool.schema.internal.exec.ScriptSourceInputNonExistentImpl@2364305a'
2018-09-26 23:32:43.153  INFO [microservice_item,,,] 5834 --- [           main] j.LocalContainerEntityManagerFactoryBean : Initialized JPA EntityManagerFactory for persistence unit 'default'
2018-09-26 23:32:43.963  WARN [microservice_item,,,] 5834 --- [           main] c.n.c.sources.URLConfigurationSource     : No URLs will be polled as dynamic configuration sources.
2018-09-26 23:32:43.964  INFO [microservice_item,,,] 5834 --- [           main] c.n.c.sources.URLConfigurationSource     : To enable URLs as dynamic configuration sources, define System property archaius.configurationSource.additionalUrls or make config.properties available on classpath.
2018-09-26 23:32:44.405  INFO [microservice_item,,,] 5834 --- [           main] o.s.w.s.handler.SimpleUrlHandlerMapping  : Mapped URL path [/**/favicon.ico] onto handler of type [class org.springframework.web.servlet.resource.ResourceHttpRequestHandler]
2018-09-26 23:32:45.524  INFO [microservice_item,,,] 5834 --- [           main] s.w.s.m.m.a.RequestMappingHandlerAdapter : Looking for @ControllerAdvice: org.springframework.boot.web.servlet.context.AnnotationConfigServletWebServerApplicationContext@192b07fd: startup date [Wed Sep 26 23:32:33 UTC 2018]; parent: org.springframework.context.annotation.AnnotationConfigApplicationContext@47fd17e3
2018-09-26 23:32:45.668  WARN [microservice_item,,,] 5834 --- [           main] aWebConfiguration$JpaWebMvcConfiguration : spring.jpa.open-in-view is enabled by default. Therefore, database queries may be performed during view rendering. Explicitly configure spring.jpa.open-in-view to disable this warning
2018-09-26 23:32:45.816  INFO [microservice_item,,,] 5834 --- [           main] s.w.s.m.m.a.RequestMappingHandlerMapping : Mapped "{[/test/seed],methods=[GET]}" onto public java.lang.String com.benchwarmers.grads.grizzlystoreitem.controllers.SeedController.addNewCategory()
2018-09-26 23:32:45.819  INFO [microservice_item,,,] 5834 --- [           main] s.w.s.m.m.a.RequestMappingHandlerMapping : Mapped "{[/error],produces=[text/html]}" onto public org.springframework.web.servlet.ModelAndView org.springframework.boot.autoconfigure.web.servlet.error.BasicErrorController.errorHtml(javax.servlet.http.HttpServletRequest,javax.servlet.http.HttpServletResponse)
2018-09-26 23:32:45.819  INFO [microservice_item,,,] 5834 --- [           main] s.w.s.m.m.a.RequestMappingHandlerMapping : Mapped "{[/error]}" onto public org.springframework.http.ResponseEntity<java.util.Map<java.lang.String, java.lang.Object>> org.springframework.boot.autoconfigure.web.servlet.error.BasicErrorController.error(javax.servlet.http.HttpServletRequest)
2018-09-26 23:32:45.915  INFO [microservice_item,,,] 5834 --- [           main] o.s.w.s.handler.SimpleUrlHandlerMapping  : Mapped URL path [/webjars/**] onto handler of type [class org.springframework.web.servlet.resource.ResourceHttpRequestHandler]
2018-09-26 23:32:45.926  INFO [microservice_item,,,] 5834 --- [           main] o.s.w.s.handler.SimpleUrlHandlerMapping  : Mapped URL path [/**] onto handler of type [class org.springframework.web.servlet.resource.ResourceHttpRequestHandler]
2018-09-26 23:32:48.274  INFO [microservice_item,,,] 5834 --- [           main] o.s.b.a.e.web.EndpointLinksResolver      : Exposing 4 endpoint(s) beneath base path '/actuator'
2018-09-26 23:32:48.326  INFO [microservice_item,,,] 5834 --- [           main] s.b.a.e.w.s.WebMvcEndpointHandlerMapping : Mapped "{[/actuator/health],methods=[GET],produces=[application/vnd.spring-boot.actuator.v2+json || application/json]}" onto public java.lang.Object org.springframework.boot.actuate.endpoint.web.servlet.AbstractWebMvcEndpointHandlerMapping$OperationHandler.handle(javax.servlet.http.HttpServletRequest,java.util.Map<java.lang.String, java.lang.String>)
2018-09-26 23:32:48.326  INFO [microservice_item,,,] 5834 --- [           main] s.b.a.e.w.s.WebMvcEndpointHandlerMapping : Mapped "{[/actuator/env/{toMatch}],methods=[GET],produces=[application/vnd.spring-boot.actuator.v2+json || application/json]}" onto public java.lang.Object org.springframework.boot.actuate.endpoint.web.servlet.AbstractWebMvcEndpointHandlerMapping$OperationHandler.handle(javax.servlet.http.HttpServletRequest,java.util.Map<java.lang.String, java.lang.String>)
2018-09-26 23:32:48.327  INFO [microservice_item,,,] 5834 --- [           main] s.b.a.e.w.s.WebMvcEndpointHandlerMapping : Mapped "{[/actuator/env],methods=[GET],produces=[application/vnd.spring-boot.actuator.v2+json || application/json]}" onto public java.lang.Object org.springframework.boot.actuate.endpoint.web.servlet.AbstractWebMvcEndpointHandlerMapping$OperationHandler.handle(javax.servlet.http.HttpServletRequest,java.util.Map<java.lang.String, java.lang.String>)
2018-09-26 23:32:48.327  INFO [microservice_item,,,] 5834 --- [           main] s.b.a.e.w.s.WebMvcEndpointHandlerMapping : Mapped "{[/actuator/env],methods=[POST],consumes=[application/vnd.spring-boot.actuator.v2+json || application/json],produces=[application/vnd.spring-boot.actuator.v2+json || application/json]}" onto public java.lang.Object org.springframework.boot.actuate.endpoint.web.servlet.AbstractWebMvcEndpointHandlerMapping$OperationHandler.handle(javax.servlet.http.HttpServletRequest,java.util.Map<java.lang.String, java.lang.String>)
2018-09-26 23:32:48.328  INFO [microservice_item,,,] 5834 --- [           main] s.b.a.e.w.s.WebMvcEndpointHandlerMapping : Mapped "{[/actuator/env],methods=[DELETE],produces=[application/vnd.spring-boot.actuator.v2+json || application/json]}" onto public java.lang.Object org.springframework.boot.actuate.endpoint.web.servlet.AbstractWebMvcEndpointHandlerMapping$OperationHandler.handle(javax.servlet.http.HttpServletRequest,java.util.Map<java.lang.String, java.lang.String>)
2018-09-26 23:32:48.328  INFO [microservice_item,,,] 5834 --- [           main] s.b.a.e.w.s.WebMvcEndpointHandlerMapping : Mapped "{[/actuator/info],methods=[GET],produces=[application/vnd.spring-boot.actuator.v2+json || application/json]}" onto public java.lang.Object org.springframework.boot.actuate.endpoint.web.servlet.AbstractWebMvcEndpointHandlerMapping$OperationHandler.handle(javax.servlet.http.HttpServletRequest,java.util.Map<java.lang.String, java.lang.String>)
2018-09-26 23:32:48.328  INFO [microservice_item,,,] 5834 --- [           main] s.b.a.e.w.s.WebMvcEndpointHandlerMapping : Mapped "{[/actuator/metrics],methods=[GET],produces=[application/vnd.spring-boot.actuator.v2+json || application/json]}" onto public java.lang.Object org.springframework.boot.actuate.endpoint.web.servlet.AbstractWebMvcEndpointHandlerMapping$OperationHandler.handle(javax.servlet.http.HttpServletRequest,java.util.Map<java.lang.String, java.lang.String>)
2018-09-26 23:32:48.328  INFO [microservice_item,,,] 5834 --- [           main] s.b.a.e.w.s.WebMvcEndpointHandlerMapping : Mapped "{[/actuator/metrics/{requiredMetricName}],methods=[GET],produces=[application/vnd.spring-boot.actuator.v2+json || application/json]}" onto public java.lang.Object org.springframework.boot.actuate.endpoint.web.servlet.AbstractWebMvcEndpointHandlerMapping$OperationHandler.handle(javax.servlet.http.HttpServletRequest,java.util.Map<java.lang.String, java.lang.String>)
2018-09-26 23:32:48.329  INFO [microservice_item,,,] 5834 --- [           main] s.b.a.e.w.s.WebMvcEndpointHandlerMapping : Mapped "{[/actuator],methods=[GET],produces=[application/vnd.spring-boot.actuator.v2+json || application/json]}" onto protected java.util.Map<java.lang.String, java.util.Map<java.lang.String, org.springframework.boot.actuate.endpoint.web.Link>> org.springframework.boot.actuate.endpoint.web.servlet.WebMvcEndpointHandlerMapping.links(javax.servlet.http.HttpServletRequest,javax.servlet.http.HttpServletResponse)
2018-09-26 23:32:48.528  INFO [microservice_item,,,] 5834 --- [           main] o.s.j.e.a.AnnotationMBeanExporter        : Registering beans for JMX exposure on startup
2018-09-26 23:32:48.530  INFO [microservice_item,,,] 5834 --- [           main] o.s.j.e.a.AnnotationMBeanExporter        : Bean with name 'dataSource' has been autodetected for JMX exposure
2018-09-26 23:32:48.541  INFO [microservice_item,,,] 5834 --- [           main] o.s.j.e.a.AnnotationMBeanExporter        : Bean with name 'environmentManager' has been autodetected for JMX exposure
2018-09-26 23:32:48.542  INFO [microservice_item,,,] 5834 --- [           main] o.s.j.e.a.AnnotationMBeanExporter        : Bean with name 'refreshScope' has been autodetected for JMX exposure
2018-09-26 23:32:48.556  INFO [microservice_item,,,] 5834 --- [           main] o.s.j.e.a.AnnotationMBeanExporter        : Bean with name 'configurationPropertiesRebinder' has been autodetected for JMX exposure
2018-09-26 23:32:48.561  INFO [microservice_item,,,] 5834 --- [           main] o.s.j.e.a.AnnotationMBeanExporter        : Located managed bean 'environmentManager': registering with JMX server as MBean [org.springframework.cloud.context.environment:name=environmentManager,type=EnvironmentManager]
2018-09-26 23:32:48.576  INFO [microservice_item,,,] 5834 --- [           main] o.s.j.e.a.AnnotationMBeanExporter        : Located managed bean 'refreshScope': registering with JMX server as MBean [org.springframework.cloud.context.scope.refresh:name=refreshScope,type=RefreshScope]
2018-09-26 23:32:48.624  INFO [microservice_item,,,] 5834 --- [           main] o.s.j.e.a.AnnotationMBeanExporter        : Located managed bean 'configurationPropertiesRebinder': registering with JMX server as MBean [org.springframework.cloud.context.properties:name=configurationPropertiesRebinder,context=192b07fd,type=ConfigurationPropertiesRebinder]
2018-09-26 23:32:48.643  INFO [microservice_item,,,] 5834 --- [           main] o.s.j.e.a.AnnotationMBeanExporter        : Located MBean 'dataSource': registering with JMX server as MBean [com.zaxxer.hikari:name=dataSource,type=HikariDataSource]
2018-09-26 23:32:48.667  INFO [microservice_item,,,] 5834 --- [           main] o.s.c.support.DefaultLifecycleProcessor  : Starting beans in phase 0
2018-09-26 23:32:48.711  INFO [microservice_item,,,] 5834 --- [           main] o.s.c.n.eureka.InstanceInfoFactory       : Setting initial instance status as: STARTING
2018-09-26 23:32:48.771  INFO [microservice_item,,,] 5834 --- [           main] com.netflix.discovery.DiscoveryClient    : Initializing Eureka in region us-east-1
2018-09-26 23:32:49.030  INFO [microservice_item,,,] 5834 --- [           main] c.n.d.provider.DiscoveryJerseyProvider   : Using JSON encoding codec LegacyJacksonJson
2018-09-26 23:32:49.030  INFO [microservice_item,,,] 5834 --- [           main] c.n.d.provider.DiscoveryJerseyProvider   : Using JSON decoding codec LegacyJacksonJson
2018-09-26 23:32:49.400  INFO [microservice_item,,,] 5834 --- [           main] c.n.d.provider.DiscoveryJerseyProvider   : Using XML encoding codec XStreamXml
2018-09-26 23:32:49.400  INFO [microservice_item,,,] 5834 --- [           main] c.n.d.provider.DiscoveryJerseyProvider   : Using XML decoding codec XStreamXml
2018-09-26 23:32:49.681  INFO [microservice_item,,,] 5834 --- [           main] c.n.d.s.r.aws.ConfigClusterResolver      : Resolving eureka endpoints via configuration
2018-09-26 23:32:49.720  INFO [microservice_item,,,] 5834 --- [           main] com.netflix.discovery.DiscoveryClient    : Disable delta property : false
2018-09-26 23:32:49.720  INFO [microservice_item,,,] 5834 --- [           main] com.netflix.discovery.DiscoveryClient    : Single vip registry refresh property : null
2018-09-26 23:32:49.720  INFO [microservice_item,,,] 5834 --- [           main] com.netflix.discovery.DiscoveryClient    : Force full registry fetch : false
2018-09-26 23:32:49.720  INFO [microservice_item,,,] 5834 --- [           main] com.netflix.discovery.DiscoveryClient    : Application is null : false
2018-09-26 23:32:49.720  INFO [microservice_item,,,] 5834 --- [           main] com.netflix.discovery.DiscoveryClient    : Registered Applications size is zero : true
2018-09-26 23:32:49.720  INFO [microservice_item,,,] 5834 --- [           main] com.netflix.discovery.DiscoveryClient    : Application version is -1: true
2018-09-26 23:32:49.720  INFO [microservice_item,,,] 5834 --- [           main] com.netflix.discovery.DiscoveryClient    : Getting all instance registry info from the eureka server
2018-09-26 23:32:50.108  INFO [microservice_item,,,] 5834 --- [           main] com.netflix.discovery.DiscoveryClient    : The response status is 200
2018-09-26 23:32:50.128  INFO [microservice_item,,,] 5834 --- [           main] com.netflix.discovery.DiscoveryClient    : Starting heartbeat executor: renew interval is: 30
2018-09-26 23:32:50.152  INFO [microservice_item,,,] 5834 --- [           main] c.n.discovery.InstanceInfoReplicator     : InstanceInfoReplicator onDemand update allowed rate per min is 4
2018-09-26 23:32:50.168  INFO [microservice_item,,,] 5834 --- [           main] com.netflix.discovery.DiscoveryClient    : Discovery Client initialized at timestamp 1538004770167 with initial instances count: 2
2018-09-26 23:32:50.194  INFO [microservice_item,,,] 5834 --- [           main] o.s.c.n.e.s.EurekaServiceRegistry        : Registering application microservice_item with eureka with status UP
2018-09-26 23:32:50.195  INFO [microservice_item,,,] 5834 --- [           main] com.netflix.discovery.DiscoveryClient    : Saw local status change event StatusChangeEvent [timestamp=1538004770195, current=UP, previous=STARTING]
2018-09-26 23:32:50.216  INFO [microservice_item,,,] 5834 --- [nfoReplicator-0] com.netflix.discovery.DiscoveryClient    : DiscoveryClient_MICROSERVICE_ITEM/ip-172-31-1-219.ap-southeast-2.compute.internal:microservice_item:10003: registering service...
2018-09-26 23:32:50.365  INFO [microservice_item,,,] 5834 --- [           main] o.s.b.w.embedded.tomcat.TomcatWebServer  : Tomcat started on port(s): 10003 (http) with context path ''
2018-09-26 23:32:50.366  INFO [microservice_item,,,] 5834 --- [           main] .s.c.n.e.s.EurekaAutoServiceRegistration : Updating port to 10003
2018-09-26 23:32:50.369  INFO [microservice_item,,,] 5834 --- [           main] c.b.g.g.GrizzlystoreItemApplication      : Started GrizzlystoreItemApplication in 20.675 seconds (JVM running for 21.809)
2018-09-26 23:32:50.376  INFO [microservice_item,,,] 5834 --- [nfoReplicator-0] com.netflix.discovery.DiscoveryClient    : DiscoveryClient_MICROSERVICE_ITEM/ip-172-31-1-219.ap-southeast-2.compute.internal:microservice_item:10003 - registration status: 204
2018-09-26 23:37:49.733  INFO [microservice_item,,,] 5834 --- [trap-executor-0] c.n.d.s.r.aws.ConfigClusterResolver      : Resolving eureka endpoints via configuration
