2018-09-26 23:32:09.763  INFO [-,,,] 5734 --- [           main] s.c.a.AnnotationConfigApplicationContext : Refreshing org.springframework.context.annotation.AnnotationConfigApplicationContext@3834d63f: startup date [Wed Sep 26 23:32:09 UTC 2018]; root of context hierarchy
2018-09-26 23:32:10.140  INFO [-,,,] 5734 --- [           main] f.a.AutowiredAnnotationBeanPostProcessor : JSR-330 'javax.inject.Inject' annotation found and supported for autowiring
2018-09-26 23:32:10.211  INFO [-,,,] 5734 --- [           main] trationDelegate$BeanPostProcessorChecker : Bean 'configurationPropertiesRebinderAutoConfiguration' of type [org.springframework.cloud.autoconfigure.ConfigurationPropertiesRebinderAutoConfiguration$$EnhancerBySpringCGLIB$$4d40cc33] is not eligible for getting processed by all BeanPostProcessors (for example: not eligible for auto-proxying)

  .   ____          _            __ _ _
 /\\ / ___'_ __ _ _(_)_ __  __ _ \ \ \ \
( ( )\___ | '_ | '_| | '_ \/ _` | \ \ \ \
 \\/  ___)| |_)| | | | | || (_| |  ) ) ) )
  '  |____| .__|_| |_|_| |_\__, | / / / /
 =========|_|==============|___/=/_/_/_/
 :: Spring Boot ::        (v2.0.2.RELEASE)

2018-09-26 23:32:10.493  INFO [microservice_one,,,] 5734 --- [           main] c.c.c.ConfigServicePropertySourceLocator : Fetching config from server at : http://localhost:8888
2018-09-26 23:32:10.621  WARN [microservice_one,,,] 5734 --- [           main] c.c.c.ConfigServicePropertySourceLocator : Could not locate PropertySource: label not found
2018-09-26 23:32:10.623  INFO [microservice_one,,,] 5734 --- [           main] c.g.m.Microservice_One_Application       : No active profile set, falling back to default profiles: default
2018-09-26 23:32:10.641  INFO [microservice_one,,,] 5734 --- [           main] ConfigServletWebServerApplicationContext : Refreshing org.springframework.boot.web.servlet.context.AnnotationConfigServletWebServerApplicationContext@4b952a2d: startup date [Wed Sep 26 23:32:10 UTC 2018]; parent: org.springframework.context.annotation.AnnotationConfigApplicationContext@3834d63f
2018-09-26 23:32:11.916  INFO [microservice_one,,,] 5734 --- [           main] o.s.b.f.s.DefaultListableBeanFactory     : Overriding bean definition for bean 'dataSource' with a different definition: replacing [Root bean: class [null]; scope=refresh; abstract=false; lazyInit=false; autowireMode=3; dependencyCheck=0; autowireCandidate=false; primary=false; factoryBeanName=org.springframework.boot.autoconfigure.jdbc.DataSourceConfiguration$Hikari; factoryMethodName=dataSource; initMethodName=null; destroyMethodName=(inferred); defined in class path resource [org/springframework/boot/autoconfigure/jdbc/DataSourceConfiguration$Hikari.class]] with [Root bean: class [org.springframework.aop.scope.ScopedProxyFactoryBean]; scope=; abstract=false; lazyInit=false; autowireMode=0; dependencyCheck=0; autowireCandidate=true; primary=false; factoryBeanName=null; factoryMethodName=null; initMethodName=null; destroyMethodName=null; defined in BeanDefinition defined in class path resource [org/springframework/boot/autoconfigure/jdbc/DataSourceConfiguration$Hikari.class]]
2018-09-26 23:32:12.233  INFO [microservice_one,,,] 5734 --- [           main] o.s.cloud.context.scope.GenericScope     : BeanFactory id=82216cee-e701-3991-b766-7a179e76715a
2018-09-26 23:32:12.270  INFO [microservice_one,,,] 5734 --- [           main] f.a.AutowiredAnnotationBeanPostProcessor : JSR-330 'javax.inject.Inject' annotation found and supported for autowiring
2018-09-26 23:32:12.760  INFO [microservice_one,,,] 5734 --- [           main] trationDelegate$BeanPostProcessorChecker : Bean 'org.springframework.transaction.annotation.ProxyTransactionManagementConfiguration' of type [org.springframework.transaction.annotation.ProxyTransactionManagementConfiguration$$EnhancerBySpringCGLIB$$3126c936] is not eligible for getting processed by all BeanPostProcessors (for example: not eligible for auto-proxying)
2018-09-26 23:32:12.841  INFO [microservice_one,,,] 5734 --- [           main] trationDelegate$BeanPostProcessorChecker : Bean 'org.springframework.cloud.autoconfigure.ConfigurationPropertiesRebinderAutoConfiguration' of type [org.springframework.cloud.autoconfigure.ConfigurationPropertiesRebinderAutoConfiguration$$EnhancerBySpringCGLIB$$4d40cc33] is not eligible for getting processed by all BeanPostProcessors (for example: not eligible for auto-proxying)
2018-09-26 23:32:13.272  INFO [microservice_one,,,] 5734 --- [           main] o.s.b.w.embedded.tomcat.TomcatWebServer  : Tomcat initialized with port(s): 10001 (http)
2018-09-26 23:32:13.305  INFO [microservice_one,,,] 5734 --- [           main] o.apache.catalina.core.StandardService   : Starting service [Tomcat]
2018-09-26 23:32:13.305  INFO [microservice_one,,,] 5734 --- [           main] org.apache.catalina.core.StandardEngine  : Starting Servlet Engine: Apache Tomcat/8.5.31
2018-09-26 23:32:13.317  INFO [microservice_one,,,] 5734 --- [ost-startStop-1] o.a.catalina.core.AprLifecycleListener   : The APR based Apache Tomcat Native library which allows optimal performance in production environments was not found on the java.library.path: [/usr/java/packages/lib/amd64:/usr/lib64:/lib64:/lib:/usr/lib]
2018-09-26 23:32:13.406  INFO [microservice_one,,,] 5734 --- [ost-startStop-1] o.a.c.c.C.[Tomcat].[localhost].[/]       : Initializing Spring embedded WebApplicationContext
2018-09-26 23:32:13.406  INFO [microservice_one,,,] 5734 --- [ost-startStop-1] o.s.web.context.ContextLoader            : Root WebApplicationContext: initialization completed in 2765 ms
2018-09-26 23:32:13.836  WARN [microservice_one,,,] 5734 --- [ost-startStop-1] c.n.c.sources.URLConfigurationSource     : No URLs will be polled as dynamic configuration sources.
2018-09-26 23:32:13.836  INFO [microservice_one,,,] 5734 --- [ost-startStop-1] c.n.c.sources.URLConfigurationSource     : To enable URLs as dynamic configuration sources, define System property archaius.configurationSource.additionalUrls or make config.properties available on classpath.
2018-09-26 23:32:13.859  INFO [microservice_one,,,] 5734 --- [ost-startStop-1] c.netflix.config.DynamicPropertyFactory  : DynamicPropertyFactory is initialized with configuration sources: com.netflix.config.ConcurrentCompositeConfiguration@4f99bd4c
2018-09-26 23:32:15.475  INFO [microservice_one,,,] 5734 --- [ost-startStop-1] o.s.b.w.servlet.FilterRegistrationBean   : Mapping filter: 'CORSFilter' to: [/*]
2018-09-26 23:32:15.475  INFO [microservice_one,,,] 5734 --- [ost-startStop-1] o.s.b.w.servlet.FilterRegistrationBean   : Mapping filter: 'characterEncodingFilter' to: [/*]
2018-09-26 23:32:15.475  INFO [microservice_one,,,] 5734 --- [ost-startStop-1] o.s.b.w.servlet.FilterRegistrationBean   : Mapping filter: 'tracingFilter' to: [/*]
2018-09-26 23:32:15.475  INFO [microservice_one,,,] 5734 --- [ost-startStop-1] o.s.b.w.servlet.FilterRegistrationBean   : Mapping filter: 'exceptionLoggingFilter' to: [/*]
2018-09-26 23:32:15.475  INFO [microservice_one,,,] 5734 --- [ost-startStop-1] o.s.b.w.servlet.FilterRegistrationBean   : Mapping filter: 'hiddenHttpMethodFilter' to: [/*]
2018-09-26 23:32:15.476  INFO [microservice_one,,,] 5734 --- [ost-startStop-1] o.s.b.w.servlet.FilterRegistrationBean   : Mapping filter: 'httpPutFormContentFilter' to: [/*]
2018-09-26 23:32:15.476  INFO [microservice_one,,,] 5734 --- [ost-startStop-1] o.s.b.w.servlet.FilterRegistrationBean   : Mapping filter: 'requestContextFilter' to: [/*]
2018-09-26 23:32:15.476  INFO [microservice_one,,,] 5734 --- [ost-startStop-1] o.s.b.w.servlet.FilterRegistrationBean   : Mapping filter: 'httpTraceFilter' to: [/*]
2018-09-26 23:32:15.476  INFO [microservice_one,,,] 5734 --- [ost-startStop-1] o.s.b.w.servlet.FilterRegistrationBean   : Mapping filter: 'webMvcMetricsFilter' to: [/*]
2018-09-26 23:32:15.476  INFO [microservice_one,,,] 5734 --- [ost-startStop-1] o.s.b.w.servlet.ServletRegistrationBean  : Servlet dispatcherServlet mapped to [/]
2018-09-26 23:32:15.477  INFO [microservice_one,,,] 5734 --- [ost-startStop-1] o.s.b.w.servlet.ServletRegistrationBean  : Servlet webServlet mapped to [/h2-console/*]
2018-09-26 23:32:15.634  INFO [microservice_one,,,] 5734 --- [           main] com.zaxxer.hikari.HikariDataSource       : HikariPool-1 - Starting...
2018-09-26 23:32:15.860  INFO [microservice_one,,,] 5734 --- [           main] com.zaxxer.hikari.HikariDataSource       : HikariPool-1 - Start completed.
2018-09-26 23:32:15.926  INFO [microservice_one,,,] 5734 --- [           main] j.LocalContainerEntityManagerFactoryBean : Building JPA container EntityManagerFactory for persistence unit 'default'
2018-09-26 23:32:15.949  INFO [microservice_one,,,] 5734 --- [           main] o.hibernate.jpa.internal.util.LogHelper  : HHH000204: Processing PersistenceUnitInfo [
	name: default
	...]
2018-09-26 23:32:16.050  INFO [microservice_one,,,] 5734 --- [           main] org.hibernate.Version                    : HHH000412: Hibernate Core {5.2.17.Final}
2018-09-26 23:32:16.052  INFO [microservice_one,,,] 5734 --- [           main] org.hibernate.cfg.Environment            : HHH000206: hibernate.properties not found
2018-09-26 23:32:16.109  INFO [microservice_one,,,] 5734 --- [           main] o.hibernate.annotations.common.Version   : HCANN000001: Hibernate Commons Annotations {5.0.1.Final}
2018-09-26 23:32:16.373  INFO [microservice_one,,,] 5734 --- [           main] org.hibernate.dialect.Dialect            : HHH000400: Using dialect: org.hibernate.dialect.H2Dialect
2018-09-26 23:32:16.736  INFO [microservice_one,,,] 5734 --- [           main] o.h.t.schema.internal.SchemaCreatorImpl  : HHH000476: Executing import script 'org.hibernate.tool.schema.internal.exec.ScriptSourceInputNonExistentImpl@1a20270e'
2018-09-26 23:32:16.741  INFO [microservice_one,,,] 5734 --- [           main] j.LocalContainerEntityManagerFactoryBean : Initialized JPA EntityManagerFactory for persistence unit 'default'
2018-09-26 23:32:16.829  WARN [microservice_one,,,] 5734 --- [           main] c.n.c.sources.URLConfigurationSource     : No URLs will be polled as dynamic configuration sources.
2018-09-26 23:32:16.830  INFO [microservice_one,,,] 5734 --- [           main] c.n.c.sources.URLConfigurationSource     : To enable URLs as dynamic configuration sources, define System property archaius.configurationSource.additionalUrls or make config.properties available on classpath.
2018-09-26 23:32:17.002  INFO [microservice_one,,,] 5734 --- [           main] o.s.w.s.handler.SimpleUrlHandlerMapping  : Mapped URL path [/**/favicon.ico] onto handler of type [class org.springframework.web.servlet.resource.ResourceHttpRequestHandler]
2018-09-26 23:32:17.561  INFO [microservice_one,,,] 5734 --- [           main] s.w.s.m.m.a.RequestMappingHandlerAdapter : Looking for @ControllerAdvice: org.springframework.boot.web.servlet.context.AnnotationConfigServletWebServerApplicationContext@4b952a2d: startup date [Wed Sep 26 23:32:10 UTC 2018]; parent: org.springframework.context.annotation.AnnotationConfigApplicationContext@3834d63f
2018-09-26 23:32:17.853  WARN [microservice_one,,,] 5734 --- [           main] aWebConfiguration$JpaWebMvcConfiguration : spring.jpa.open-in-view is enabled by default. Therefore, database queries may be performed during view rendering. Explicitly configure spring.jpa.open-in-view to disable this warning
2018-09-26 23:32:17.928  INFO [microservice_one,,,] 5734 --- [           main] s.w.s.m.m.a.RequestMappingHandlerMapping : Mapped "{[/one/],methods=[GET]}" onto public java.lang.String com.grizzly.microservice_one.Controller1.hello()
2018-09-26 23:32:17.932  INFO [microservice_one,,,] 5734 --- [           main] s.w.s.m.m.a.RequestMappingHandlerMapping : Mapped "{[/error],produces=[text/html]}" onto public org.springframework.web.servlet.ModelAndView org.springframework.boot.autoconfigure.web.servlet.error.BasicErrorController.errorHtml(javax.servlet.http.HttpServletRequest,javax.servlet.http.HttpServletResponse)
2018-09-26 23:32:17.932  INFO [microservice_one,,,] 5734 --- [           main] s.w.s.m.m.a.RequestMappingHandlerMapping : Mapped "{[/error]}" onto public org.springframework.http.ResponseEntity<java.util.Map<java.lang.String, java.lang.Object>> org.springframework.boot.autoconfigure.web.servlet.error.BasicErrorController.error(javax.servlet.http.HttpServletRequest)
2018-09-26 23:32:17.995  INFO [microservice_one,,,] 5734 --- [           main] o.s.w.s.handler.SimpleUrlHandlerMapping  : Mapped URL path [/webjars/**] onto handler of type [class org.springframework.web.servlet.resource.ResourceHttpRequestHandler]
2018-09-26 23:32:17.995  INFO [microservice_one,,,] 5734 --- [           main] o.s.w.s.handler.SimpleUrlHandlerMapping  : Mapped URL path [/**] onto handler of type [class org.springframework.web.servlet.resource.ResourceHttpRequestHandler]
2018-09-26 23:32:19.722  INFO [microservice_one,,,] 5734 --- [           main] o.s.b.a.e.web.EndpointLinksResolver      : Exposing 4 endpoint(s) beneath base path '/actuator'
2018-09-26 23:32:19.750  INFO [microservice_one,,,] 5734 --- [           main] s.b.a.e.w.s.WebMvcEndpointHandlerMapping : Mapped "{[/actuator/health],methods=[GET],produces=[application/vnd.spring-boot.actuator.v2+json || application/json]}" onto public java.lang.Object org.springframework.boot.actuate.endpoint.web.servlet.AbstractWebMvcEndpointHandlerMapping$OperationHandler.handle(javax.servlet.http.HttpServletRequest,java.util.Map<java.lang.String, java.lang.String>)
2018-09-26 23:32:19.751  INFO [microservice_one,,,] 5734 --- [           main] s.b.a.e.w.s.WebMvcEndpointHandlerMapping : Mapped "{[/actuator/env/{toMatch}],methods=[GET],produces=[application/vnd.spring-boot.actuator.v2+json || application/json]}" onto public java.lang.Object org.springframework.boot.actuate.endpoint.web.servlet.AbstractWebMvcEndpointHandlerMapping$OperationHandler.handle(javax.servlet.http.HttpServletRequest,java.util.Map<java.lang.String, java.lang.String>)
2018-09-26 23:32:19.751  INFO [microservice_one,,,] 5734 --- [           main] s.b.a.e.w.s.WebMvcEndpointHandlerMapping : Mapped "{[/actuator/env],methods=[GET],produces=[application/vnd.spring-boot.actuator.v2+json || application/json]}" onto public java.lang.Object org.springframework.boot.actuate.endpoint.web.servlet.AbstractWebMvcEndpointHandlerMapping$OperationHandler.handle(javax.servlet.http.HttpServletRequest,java.util.Map<java.lang.String, java.lang.String>)
2018-09-26 23:32:19.752  INFO [microservice_one,,,] 5734 --- [           main] s.b.a.e.w.s.WebMvcEndpointHandlerMapping : Mapped "{[/actuator/env],methods=[POST],consumes=[application/vnd.spring-boot.actuator.v2+json || application/json],produces=[application/vnd.spring-boot.actuator.v2+json || application/json]}" onto public java.lang.Object org.springframework.boot.actuate.endpoint.web.servlet.AbstractWebMvcEndpointHandlerMapping$OperationHandler.handle(javax.servlet.http.HttpServletRequest,java.util.Map<java.lang.String, java.lang.String>)
2018-09-26 23:32:19.752  INFO [microservice_one,,,] 5734 --- [           main] s.b.a.e.w.s.WebMvcEndpointHandlerMapping : Mapped "{[/actuator/env],methods=[DELETE],produces=[application/vnd.spring-boot.actuator.v2+json || application/json]}" onto public java.lang.Object org.springframework.boot.actuate.endpoint.web.servlet.AbstractWebMvcEndpointHandlerMapping$OperationHandler.handle(javax.servlet.http.HttpServletRequest,java.util.Map<java.lang.String, java.lang.String>)
2018-09-26 23:32:19.753  INFO [microservice_one,,,] 5734 --- [           main] s.b.a.e.w.s.WebMvcEndpointHandlerMapping : Mapped "{[/actuator/info],methods=[GET],produces=[application/vnd.spring-boot.actuator.v2+json || application/json]}" onto public java.lang.Object org.springframework.boot.actuate.endpoint.web.servlet.AbstractWebMvcEndpointHandlerMapping$OperationHandler.handle(javax.servlet.http.HttpServletRequest,java.util.Map<java.lang.String, java.lang.String>)
2018-09-26 23:32:19.763  INFO [microservice_one,,,] 5734 --- [           main] s.b.a.e.w.s.WebMvcEndpointHandlerMapping : Mapped "{[/actuator/metrics],methods=[GET],produces=[application/vnd.spring-boot.actuator.v2+json || application/json]}" onto public java.lang.Object org.springframework.boot.actuate.endpoint.web.servlet.AbstractWebMvcEndpointHandlerMapping$OperationHandler.handle(javax.servlet.http.HttpServletRequest,java.util.Map<java.lang.String, java.lang.String>)
2018-09-26 23:32:19.764  INFO [microservice_one,,,] 5734 --- [           main] s.b.a.e.w.s.WebMvcEndpointHandlerMapping : Mapped "{[/actuator/metrics/{requiredMetricName}],methods=[GET],produces=[application/vnd.spring-boot.actuator.v2+json || application/json]}" onto public java.lang.Object org.springframework.boot.actuate.endpoint.web.servlet.AbstractWebMvcEndpointHandlerMapping$OperationHandler.handle(javax.servlet.http.HttpServletRequest,java.util.Map<java.lang.String, java.lang.String>)
2018-09-26 23:32:19.771  INFO [microservice_one,,,] 5734 --- [           main] s.b.a.e.w.s.WebMvcEndpointHandlerMapping : Mapped "{[/actuator],methods=[GET],produces=[application/vnd.spring-boot.actuator.v2+json || application/json]}" onto protected java.util.Map<java.lang.String, java.util.Map<java.lang.String, org.springframework.boot.actuate.endpoint.web.Link>> org.springframework.boot.actuate.endpoint.web.servlet.WebMvcEndpointHandlerMapping.links(javax.servlet.http.HttpServletRequest,javax.servlet.http.HttpServletResponse)
2018-09-26 23:32:19.868  INFO [microservice_one,,,] 5734 --- [           main] o.s.j.e.a.AnnotationMBeanExporter        : Registering beans for JMX exposure on startup
2018-09-26 23:32:19.870  INFO [microservice_one,,,] 5734 --- [           main] o.s.j.e.a.AnnotationMBeanExporter        : Bean with name 'dataSource' has been autodetected for JMX exposure
2018-09-26 23:32:19.880  INFO [microservice_one,,,] 5734 --- [           main] o.s.j.e.a.AnnotationMBeanExporter        : Bean with name 'environmentManager' has been autodetected for JMX exposure
2018-09-26 23:32:19.882  INFO [microservice_one,,,] 5734 --- [           main] o.s.j.e.a.AnnotationMBeanExporter        : Bean with name 'refreshScope' has been autodetected for JMX exposure
2018-09-26 23:32:19.883  INFO [microservice_one,,,] 5734 --- [           main] o.s.j.e.a.AnnotationMBeanExporter        : Bean with name 'configurationPropertiesRebinder' has been autodetected for JMX exposure
2018-09-26 23:32:19.888  INFO [microservice_one,,,] 5734 --- [           main] o.s.j.e.a.AnnotationMBeanExporter        : Located managed bean 'environmentManager': registering with JMX server as MBean [org.springframework.cloud.context.environment:name=environmentManager,type=EnvironmentManager]
2018-09-26 23:32:19.899  INFO [microservice_one,,,] 5734 --- [           main] o.s.j.e.a.AnnotationMBeanExporter        : Located managed bean 'refreshScope': registering with JMX server as MBean [org.springframework.cloud.context.scope.refresh:name=refreshScope,type=RefreshScope]
2018-09-26 23:32:19.918  INFO [microservice_one,,,] 5734 --- [           main] o.s.j.e.a.AnnotationMBeanExporter        : Located managed bean 'configurationPropertiesRebinder': registering with JMX server as MBean [org.springframework.cloud.context.properties:name=configurationPropertiesRebinder,context=4b952a2d,type=ConfigurationPropertiesRebinder]
2018-09-26 23:32:19.927  INFO [microservice_one,,,] 5734 --- [           main] o.s.j.e.a.AnnotationMBeanExporter        : Located MBean 'dataSource': registering with JMX server as MBean [com.zaxxer.hikari:name=dataSource,type=HikariDataSource]
2018-09-26 23:32:19.939  INFO [microservice_one,,,] 5734 --- [           main] o.s.c.support.DefaultLifecycleProcessor  : Starting beans in phase 0
2018-09-26 23:32:19.961  INFO [microservice_one,,,] 5734 --- [           main] o.s.c.n.eureka.InstanceInfoFactory       : Setting initial instance status as: STARTING
2018-09-26 23:32:20.021  INFO [microservice_one,,,] 5734 --- [           main] com.netflix.discovery.DiscoveryClient    : Initializing Eureka in region us-east-1
2018-09-26 23:32:20.297  INFO [microservice_one,,,] 5734 --- [           main] c.n.d.provider.DiscoveryJerseyProvider   : Using JSON encoding codec LegacyJacksonJson
2018-09-26 23:32:20.297  INFO [microservice_one,,,] 5734 --- [           main] c.n.d.provider.DiscoveryJerseyProvider   : Using JSON decoding codec LegacyJacksonJson
2018-09-26 23:32:20.500  INFO [microservice_one,,,] 5734 --- [           main] c.n.d.provider.DiscoveryJerseyProvider   : Using XML encoding codec XStreamXml
2018-09-26 23:32:20.500  INFO [microservice_one,,,] 5734 --- [           main] c.n.d.provider.DiscoveryJerseyProvider   : Using XML decoding codec XStreamXml
2018-09-26 23:32:20.791  INFO [microservice_one,,,] 5734 --- [           main] c.n.d.s.r.aws.ConfigClusterResolver      : Resolving eureka endpoints via configuration
2018-09-26 23:32:20.823  INFO [microservice_one,,,] 5734 --- [           main] com.netflix.discovery.DiscoveryClient    : Disable delta property : false
2018-09-26 23:32:20.823  INFO [microservice_one,,,] 5734 --- [           main] com.netflix.discovery.DiscoveryClient    : Single vip registry refresh property : null
2018-09-26 23:32:20.823  INFO [microservice_one,,,] 5734 --- [           main] com.netflix.discovery.DiscoveryClient    : Force full registry fetch : false
2018-09-26 23:32:20.823  INFO [microservice_one,,,] 5734 --- [           main] com.netflix.discovery.DiscoveryClient    : Application is null : false
2018-09-26 23:32:20.823  INFO [microservice_one,,,] 5734 --- [           main] com.netflix.discovery.DiscoveryClient    : Registered Applications size is zero : true
2018-09-26 23:32:20.823  INFO [microservice_one,,,] 5734 --- [           main] com.netflix.discovery.DiscoveryClient    : Application version is -1: true
2018-09-26 23:32:20.823  INFO [microservice_one,,,] 5734 --- [           main] com.netflix.discovery.DiscoveryClient    : Getting all instance registry info from the eureka server
2018-09-26 23:32:21.050  INFO [microservice_one,,,] 5734 --- [           main] com.netflix.discovery.DiscoveryClient    : The response status is 200
2018-09-26 23:32:21.065  INFO [microservice_one,,,] 5734 --- [           main] com.netflix.discovery.DiscoveryClient    : Starting heartbeat executor: renew interval is: 30
2018-09-26 23:32:21.087  INFO [microservice_one,,,] 5734 --- [           main] c.n.discovery.InstanceInfoReplicator     : InstanceInfoReplicator onDemand update allowed rate per min is 4
2018-09-26 23:32:21.119  INFO [microservice_one,,,] 5734 --- [           main] com.netflix.discovery.DiscoveryClient    : Discovery Client initialized at timestamp 1538004741118 with initial instances count: 0
2018-09-26 23:32:21.151  INFO [microservice_one,,,] 5734 --- [           main] o.s.c.n.e.s.EurekaServiceRegistry        : Registering application microservice_one with eureka with status UP
2018-09-26 23:32:21.152  INFO [microservice_one,,,] 5734 --- [           main] com.netflix.discovery.DiscoveryClient    : Saw local status change event StatusChangeEvent [timestamp=1538004741152, current=UP, previous=STARTING]
2018-09-26 23:32:21.183  INFO [microservice_one,,,] 5734 --- [nfoReplicator-0] com.netflix.discovery.DiscoveryClient    : DiscoveryClient_MICROSERVICE_ONE/ip-172-31-1-219.ap-southeast-2.compute.internal:microservice_one:10001: registering service...
2018-09-26 23:32:21.295  INFO [microservice_one,,,] 5734 --- [           main] o.s.b.w.embedded.tomcat.TomcatWebServer  : Tomcat started on port(s): 10001 (http) with context path ''
2018-09-26 23:32:21.305  INFO [microservice_one,,,] 5734 --- [           main] .s.c.n.e.s.EurekaAutoServiceRegistration : Updating port to 10001
2018-09-26 23:32:21.308  INFO [microservice_one,,,] 5734 --- [           main] c.g.m.Microservice_One_Application       : Started Microservice_One_Application in 12.197 seconds (JVM running for 12.763)
2018-09-26 23:32:21.379  INFO [microservice_one,,,] 5734 --- [nfoReplicator-0] com.netflix.discovery.DiscoveryClient    : DiscoveryClient_MICROSERVICE_ONE/ip-172-31-1-219.ap-southeast-2.compute.internal:microservice_one:10001 - registration status: 204
2018-09-26 23:32:51.079  INFO [microservice_one,,,] 5734 --- [freshExecutor-0] com.netflix.discovery.DiscoveryClient    : Disable delta property : false
2018-09-26 23:32:51.079  INFO [microservice_one,,,] 5734 --- [freshExecutor-0] com.netflix.discovery.DiscoveryClient    : Single vip registry refresh property : null
2018-09-26 23:32:51.079  INFO [microservice_one,,,] 5734 --- [freshExecutor-0] com.netflix.discovery.DiscoveryClient    : Force full registry fetch : false
2018-09-26 23:32:51.079  INFO [microservice_one,,,] 5734 --- [freshExecutor-0] com.netflix.discovery.DiscoveryClient    : Application is null : false
2018-09-26 23:32:51.079  INFO [microservice_one,,,] 5734 --- [freshExecutor-0] com.netflix.discovery.DiscoveryClient    : Registered Applications size is zero : true
2018-09-26 23:32:51.080  INFO [microservice_one,,,] 5734 --- [freshExecutor-0] com.netflix.discovery.DiscoveryClient    : Application version is -1: false
2018-09-26 23:32:51.080  INFO [microservice_one,,,] 5734 --- [freshExecutor-0] com.netflix.discovery.DiscoveryClient    : Getting all instance registry info from the eureka server
2018-09-26 23:32:51.231  INFO [microservice_one,,,] 5734 --- [freshExecutor-0] com.netflix.discovery.DiscoveryClient    : The response status is 200
2018-09-26 23:37:20.825  INFO [microservice_one,,,] 5734 --- [trap-executor-0] c.n.d.s.r.aws.ConfigClusterResolver      : Resolving eureka endpoints via configuration
