2018-09-26 23:32:41.351  INFO [-,,,] 5888 --- [           main] s.c.a.AnnotationConfigApplicationContext : Refreshing org.springframework.context.annotation.AnnotationConfigApplicationContext@326de728: startup date [Wed Sep 26 23:32:41 UTC 2018]; root of context hierarchy
2018-09-26 23:32:42.138  INFO [-,,,] 5888 --- [           main] f.a.AutowiredAnnotationBeanPostProcessor : JSR-330 'javax.inject.Inject' annotation found and supported for autowiring
2018-09-26 23:32:42.227  INFO [-,,,] 5888 --- [           main] trationDelegate$BeanPostProcessorChecker : Bean 'configurationPropertiesRebinderAutoConfiguration' of type [org.springframework.cloud.autoconfigure.ConfigurationPropertiesRebinderAutoConfiguration$$EnhancerBySpringCGLIB$$11f00519] is not eligible for getting processed by all BeanPostProcessors (for example: not eligible for auto-proxying)

  .   ____          _            __ _ _
 /\\ / ___'_ __ _ _(_)_ __  __ _ \ \ \ \
( ( )\___ | '_ | '_| | '_ \/ _` | \ \ \ \
 \\/  ___)| |_)| | | | | || (_| |  ) ) ) )
  '  |____| .__|_| |_|_| |_\__, | / / / /
 =========|_|==============|___/=/_/_/_/
 :: Spring Boot ::        (v2.0.4.RELEASE)

2018-09-26 23:32:42.582  INFO [microservice_user,,,] 5888 --- [           main] c.c.c.ConfigServicePropertySourceLocator : Fetching config from server at : http://localhost:8888
2018-09-26 23:32:42.831  WARN [microservice_user,,,] 5888 --- [           main] c.c.c.ConfigServicePropertySourceLocator : Could not locate PropertySource: label not found
2018-09-26 23:32:42.834  INFO [microservice_user,,,] 5888 --- [           main] c.b.g.g.GrizzlystoreUserApplication      : No active profile set, falling back to default profiles: default
2018-09-26 23:32:42.852  INFO [microservice_user,,,] 5888 --- [           main] ConfigServletWebServerApplicationContext : Refreshing org.springframework.boot.web.servlet.context.AnnotationConfigServletWebServerApplicationContext@13805618: startup date [Wed Sep 26 23:32:42 UTC 2018]; parent: org.springframework.context.annotation.AnnotationConfigApplicationContext@326de728
2018-09-26 23:32:46.079  INFO [microservice_user,,,] 5888 --- [           main] o.s.b.f.s.DefaultListableBeanFactory     : Overriding bean definition for bean 'dataSource' with a different definition: replacing [Root bean: class [null]; scope=refresh; abstract=false; lazyInit=false; autowireMode=3; dependencyCheck=0; autowireCandidate=false; primary=false; factoryBeanName=org.springframework.boot.autoconfigure.jdbc.DataSourceConfiguration$Hikari; factoryMethodName=dataSource; initMethodName=null; destroyMethodName=(inferred); defined in class path resource [org/springframework/boot/autoconfigure/jdbc/DataSourceConfiguration$Hikari.class]] with [Root bean: class [org.springframework.aop.scope.ScopedProxyFactoryBean]; scope=; abstract=false; lazyInit=false; autowireMode=0; dependencyCheck=0; autowireCandidate=true; primary=false; factoryBeanName=null; factoryMethodName=null; initMethodName=null; destroyMethodName=null; defined in BeanDefinition defined in class path resource [org/springframework/boot/autoconfigure/jdbc/DataSourceConfiguration$Hikari.class]]
2018-09-26 23:32:46.576  INFO [microservice_user,,,] 5888 --- [           main] o.s.cloud.context.scope.GenericScope     : BeanFactory id=60bb8bbb-7875-3213-b1aa-c1f3071ec334
2018-09-26 23:32:46.642  INFO [microservice_user,,,] 5888 --- [           main] f.a.AutowiredAnnotationBeanPostProcessor : JSR-330 'javax.inject.Inject' annotation found and supported for autowiring
2018-09-26 23:32:47.622  INFO [microservice_user,,,] 5888 --- [           main] trationDelegate$BeanPostProcessorChecker : Bean 'org.springframework.transaction.annotation.ProxyTransactionManagementConfiguration' of type [org.springframework.transaction.annotation.ProxyTransactionManagementConfiguration$$EnhancerBySpringCGLIB$$f5d6021c] is not eligible for getting processed by all BeanPostProcessors (for example: not eligible for auto-proxying)
2018-09-26 23:32:47.843  INFO [microservice_user,,,] 5888 --- [           main] trationDelegate$BeanPostProcessorChecker : Bean 'org.springframework.cloud.autoconfigure.ConfigurationPropertiesRebinderAutoConfiguration' of type [org.springframework.cloud.autoconfigure.ConfigurationPropertiesRebinderAutoConfiguration$$EnhancerBySpringCGLIB$$11f00519] is not eligible for getting processed by all BeanPostProcessors (for example: not eligible for auto-proxying)
2018-09-26 23:32:49.210  INFO [microservice_user,,,] 5888 --- [           main] o.s.b.w.embedded.tomcat.TomcatWebServer  : Tomcat initialized with port(s): 10004 (http)
2018-09-26 23:32:49.281  INFO [microservice_user,,,] 5888 --- [           main] o.apache.catalina.core.StandardService   : Starting service [Tomcat]
2018-09-26 23:32:49.281  INFO [microservice_user,,,] 5888 --- [           main] org.apache.catalina.core.StandardEngine  : Starting Servlet Engine: Apache Tomcat/8.5.32
2018-09-26 23:32:49.411  INFO [microservice_user,,,] 5888 --- [ost-startStop-1] o.a.catalina.core.AprLifecycleListener   : The APR based Apache Tomcat Native library which allows optimal performance in production environments was not found on the java.library.path: [/usr/java/packages/lib/amd64:/usr/lib64:/lib64:/lib:/usr/lib]
2018-09-26 23:32:49.765  INFO [microservice_user,,,] 5888 --- [ost-startStop-1] o.a.c.c.C.[Tomcat].[localhost].[/]       : Initializing Spring embedded WebApplicationContext
2018-09-26 23:32:49.765  INFO [microservice_user,,,] 5888 --- [ost-startStop-1] o.s.web.context.ContextLoader            : Root WebApplicationContext: initialization completed in 6914 ms
2018-09-26 23:32:50.442  WARN [microservice_user,,,] 5888 --- [ost-startStop-1] c.n.c.sources.URLConfigurationSource     : No URLs will be polled as dynamic configuration sources.
2018-09-26 23:32:50.443  INFO [microservice_user,,,] 5888 --- [ost-startStop-1] c.n.c.sources.URLConfigurationSource     : To enable URLs as dynamic configuration sources, define System property archaius.configurationSource.additionalUrls or make config.properties available on classpath.
2018-09-26 23:32:50.485  INFO [microservice_user,,,] 5888 --- [ost-startStop-1] c.netflix.config.DynamicPropertyFactory  : DynamicPropertyFactory is initialized with configuration sources: com.netflix.config.ConcurrentCompositeConfiguration@7e25a33e
2018-09-26 23:32:52.598  INFO [microservice_user,,,] 5888 --- [ost-startStop-1] o.s.b.w.servlet.FilterRegistrationBean   : Mapping filter: 'characterEncodingFilter' to: [/*]
2018-09-26 23:32:52.598  INFO [microservice_user,,,] 5888 --- [ost-startStop-1] o.s.b.w.servlet.FilterRegistrationBean   : Mapping filter: 'webMvcMetricsFilter' to: [/*]
2018-09-26 23:32:52.598  INFO [microservice_user,,,] 5888 --- [ost-startStop-1] o.s.b.w.servlet.FilterRegistrationBean   : Mapping filter: 'tracingFilter' to: [/*]
2018-09-26 23:32:52.598  INFO [microservice_user,,,] 5888 --- [ost-startStop-1] o.s.b.w.servlet.FilterRegistrationBean   : Mapping filter: 'exceptionLoggingFilter' to: [/*]
2018-09-26 23:32:52.598  INFO [microservice_user,,,] 5888 --- [ost-startStop-1] o.s.b.w.servlet.FilterRegistrationBean   : Mapping filter: 'hiddenHttpMethodFilter' to: [/*]
2018-09-26 23:32:52.599  INFO [microservice_user,,,] 5888 --- [ost-startStop-1] o.s.b.w.servlet.FilterRegistrationBean   : Mapping filter: 'httpPutFormContentFilter' to: [/*]
2018-09-26 23:32:52.599  INFO [microservice_user,,,] 5888 --- [ost-startStop-1] o.s.b.w.servlet.FilterRegistrationBean   : Mapping filter: 'requestContextFilter' to: [/*]
2018-09-26 23:32:52.599  INFO [microservice_user,,,] 5888 --- [ost-startStop-1] o.s.b.w.servlet.FilterRegistrationBean   : Mapping filter: 'httpTraceFilter' to: [/*]
2018-09-26 23:32:52.599  INFO [microservice_user,,,] 5888 --- [ost-startStop-1] o.s.b.w.servlet.ServletRegistrationBean  : Servlet dispatcherServlet mapped to [/]
2018-09-26 23:32:52.766  INFO [microservice_user,,,] 5888 --- [           main] com.zaxxer.hikari.HikariDataSource       : HikariPool-1 - Starting...
2018-09-26 23:32:53.019  INFO [microservice_user,,,] 5888 --- [           main] com.zaxxer.hikari.HikariDataSource       : HikariPool-1 - Start completed.
2018-09-26 23:32:53.082  INFO [microservice_user,,,] 5888 --- [           main] j.LocalContainerEntityManagerFactoryBean : Building JPA container EntityManagerFactory for persistence unit 'default'
2018-09-26 23:32:53.107  INFO [microservice_user,,,] 5888 --- [           main] o.hibernate.jpa.internal.util.LogHelper  : HHH000204: Processing PersistenceUnitInfo [
	name: default
	...]
2018-09-26 23:32:53.269  INFO [microservice_user,,,] 5888 --- [           main] org.hibernate.Version                    : HHH000412: Hibernate Core {5.2.17.Final}
2018-09-26 23:32:53.272  INFO [microservice_user,,,] 5888 --- [           main] org.hibernate.cfg.Environment            : HHH000206: hibernate.properties not found
2018-09-26 23:32:53.347  INFO [microservice_user,,,] 5888 --- [           main] o.hibernate.annotations.common.Version   : HCANN000001: Hibernate Commons Annotations {5.0.1.Final}
2018-09-26 23:32:53.518 DEBUG [microservice_user,,,] 5888 --- [           main] org.hibernate.type.BasicTypeRegistry     : Adding type registration boolean -> org.hibernate.type.BooleanType@68fa0ba8
2018-09-26 23:32:53.519 DEBUG [microservice_user,,,] 5888 --- [           main] org.hibernate.type.BasicTypeRegistry     : Adding type registration boolean -> org.hibernate.type.BooleanType@68fa0ba8
2018-09-26 23:32:53.519 DEBUG [microservice_user,,,] 5888 --- [           main] org.hibernate.type.BasicTypeRegistry     : Adding type registration java.lang.Boolean -> org.hibernate.type.BooleanType@68fa0ba8
2018-09-26 23:32:53.520 DEBUG [microservice_user,,,] 5888 --- [           main] org.hibernate.type.BasicTypeRegistry     : Adding type registration numeric_boolean -> org.hibernate.type.NumericBooleanType@6c5945a7
2018-09-26 23:32:53.522 DEBUG [microservice_user,,,] 5888 --- [           main] org.hibernate.type.BasicTypeRegistry     : Adding type registration true_false -> org.hibernate.type.TrueFalseType@2f05be7f
2018-09-26 23:32:53.522 DEBUG [microservice_user,,,] 5888 --- [           main] org.hibernate.type.BasicTypeRegistry     : Adding type registration yes_no -> org.hibernate.type.YesNoType@640f11a1
2018-09-26 23:32:53.524 DEBUG [microservice_user,,,] 5888 --- [           main] org.hibernate.type.BasicTypeRegistry     : Adding type registration byte -> org.hibernate.type.ByteType@5c10f1c3
2018-09-26 23:32:53.524 DEBUG [microservice_user,,,] 5888 --- [           main] org.hibernate.type.BasicTypeRegistry     : Adding type registration byte -> org.hibernate.type.ByteType@5c10f1c3
2018-09-26 23:32:53.524 DEBUG [microservice_user,,,] 5888 --- [           main] org.hibernate.type.BasicTypeRegistry     : Adding type registration java.lang.Byte -> org.hibernate.type.ByteType@5c10f1c3
2018-09-26 23:32:53.526 DEBUG [microservice_user,,,] 5888 --- [           main] org.hibernate.type.BasicTypeRegistry     : Adding type registration character -> org.hibernate.type.CharacterType@7ac2e39b
2018-09-26 23:32:53.526 DEBUG [microservice_user,,,] 5888 --- [           main] org.hibernate.type.BasicTypeRegistry     : Adding type registration char -> org.hibernate.type.CharacterType@7ac2e39b
2018-09-26 23:32:53.526 DEBUG [microservice_user,,,] 5888 --- [           main] org.hibernate.type.BasicTypeRegistry     : Adding type registration java.lang.Character -> org.hibernate.type.CharacterType@7ac2e39b
2018-09-26 23:32:53.527 DEBUG [microservice_user,,,] 5888 --- [           main] org.hibernate.type.BasicTypeRegistry     : Adding type registration short -> org.hibernate.type.ShortType@78365cfa
2018-09-26 23:32:53.528 DEBUG [microservice_user,,,] 5888 --- [           main] org.hibernate.type.BasicTypeRegistry     : Adding type registration short -> org.hibernate.type.ShortType@78365cfa
2018-09-26 23:32:53.528 DEBUG [microservice_user,,,] 5888 --- [           main] org.hibernate.type.BasicTypeRegistry     : Adding type registration java.lang.Short -> org.hibernate.type.ShortType@78365cfa
2018-09-26 23:32:53.529 DEBUG [microservice_user,,,] 5888 --- [           main] org.hibernate.type.BasicTypeRegistry     : Adding type registration integer -> org.hibernate.type.IntegerType@64a8c844
2018-09-26 23:32:53.529 DEBUG [microservice_user,,,] 5888 --- [           main] org.hibernate.type.BasicTypeRegistry     : Adding type registration int -> org.hibernate.type.IntegerType@64a8c844
2018-09-26 23:32:53.529 DEBUG [microservice_user,,,] 5888 --- [           main] org.hibernate.type.BasicTypeRegistry     : Adding type registration java.lang.Integer -> org.hibernate.type.IntegerType@64a8c844
2018-09-26 23:32:53.531 DEBUG [microservice_user,,,] 5888 --- [           main] org.hibernate.type.BasicTypeRegistry     : Adding type registration long -> org.hibernate.type.LongType@3f6db3fb
2018-09-26 23:32:53.531 DEBUG [microservice_user,,,] 5888 --- [           main] org.hibernate.type.BasicTypeRegistry     : Adding type registration long -> org.hibernate.type.LongType@3f6db3fb
2018-09-26 23:32:53.531 DEBUG [microservice_user,,,] 5888 --- [           main] org.hibernate.type.BasicTypeRegistry     : Adding type registration java.lang.Long -> org.hibernate.type.LongType@3f6db3fb
2018-09-26 23:32:53.533 DEBUG [microservice_user,,,] 5888 --- [           main] org.hibernate.type.BasicTypeRegistry     : Adding type registration float -> org.hibernate.type.FloatType@52de51b6
2018-09-26 23:32:53.533 DEBUG [microservice_user,,,] 5888 --- [           main] org.hibernate.type.BasicTypeRegistry     : Adding type registration float -> org.hibernate.type.FloatType@52de51b6
2018-09-26 23:32:53.533 DEBUG [microservice_user,,,] 5888 --- [           main] org.hibernate.type.BasicTypeRegistry     : Adding type registration java.lang.Float -> org.hibernate.type.FloatType@52de51b6
2018-09-26 23:32:53.535 DEBUG [microservice_user,,,] 5888 --- [           main] org.hibernate.type.BasicTypeRegistry     : Adding type registration double -> org.hibernate.type.DoubleType@18c5069b
2018-09-26 23:32:53.535 DEBUG [microservice_user,,,] 5888 --- [           main] org.hibernate.type.BasicTypeRegistry     : Adding type registration double -> org.hibernate.type.DoubleType@18c5069b
2018-09-26 23:32:53.535 DEBUG [microservice_user,,,] 5888 --- [           main] org.hibernate.type.BasicTypeRegistry     : Adding type registration java.lang.Double -> org.hibernate.type.DoubleType@18c5069b
2018-09-26 23:32:53.537 DEBUG [microservice_user,,,] 5888 --- [           main] org.hibernate.type.BasicTypeRegistry     : Adding type registration big_decimal -> org.hibernate.type.BigDecimalType@3a0d172f
2018-09-26 23:32:53.538 DEBUG [microservice_user,,,] 5888 --- [           main] org.hibernate.type.BasicTypeRegistry     : Adding type registration java.math.BigDecimal -> org.hibernate.type.BigDecimalType@3a0d172f
2018-09-26 23:32:53.539 DEBUG [microservice_user,,,] 5888 --- [           main] org.hibernate.type.BasicTypeRegistry     : Adding type registration big_integer -> org.hibernate.type.BigIntegerType@68ad99fe
2018-09-26 23:32:53.539 DEBUG [microservice_user,,,] 5888 --- [           main] org.hibernate.type.BasicTypeRegistry     : Adding type registration java.math.BigInteger -> org.hibernate.type.BigIntegerType@68ad99fe
2018-09-26 23:32:53.540 DEBUG [microservice_user,,,] 5888 --- [           main] org.hibernate.type.BasicTypeRegistry     : Adding type registration string -> org.hibernate.type.StringType@485e36bc
2018-09-26 23:32:53.540 DEBUG [microservice_user,,,] 5888 --- [           main] org.hibernate.type.BasicTypeRegistry     : Adding type registration java.lang.String -> org.hibernate.type.StringType@485e36bc
2018-09-26 23:32:53.541 DEBUG [microservice_user,,,] 5888 --- [           main] org.hibernate.type.BasicTypeRegistry     : Adding type registration nstring -> org.hibernate.type.StringNVarcharType@781f10f2
2018-09-26 23:32:53.542 DEBUG [microservice_user,,,] 5888 --- [           main] org.hibernate.type.BasicTypeRegistry     : Adding type registration ncharacter -> org.hibernate.type.CharacterNCharType@2a79d4b1
2018-09-26 23:32:53.544 DEBUG [microservice_user,,,] 5888 --- [           main] org.hibernate.type.BasicTypeRegistry     : Adding type registration url -> org.hibernate.type.UrlType@2e9fda69
2018-09-26 23:32:53.544 DEBUG [microservice_user,,,] 5888 --- [           main] org.hibernate.type.BasicTypeRegistry     : Adding type registration java.net.URL -> org.hibernate.type.UrlType@2e9fda69
2018-09-26 23:32:53.545 DEBUG [microservice_user,,,] 5888 --- [           main] org.hibernate.type.BasicTypeRegistry     : Adding type registration Duration -> org.hibernate.type.DurationType@17cdf2d0
2018-09-26 23:32:53.545 DEBUG [microservice_user,,,] 5888 --- [           main] org.hibernate.type.BasicTypeRegistry     : Adding type registration java.time.Duration -> org.hibernate.type.DurationType@17cdf2d0
2018-09-26 23:32:53.547 DEBUG [microservice_user,,,] 5888 --- [           main] org.hibernate.type.BasicTypeRegistry     : Adding type registration Instant -> org.hibernate.type.InstantType@1755e85b
2018-09-26 23:32:53.547 DEBUG [microservice_user,,,] 5888 --- [           main] org.hibernate.type.BasicTypeRegistry     : Adding type registration java.time.Instant -> org.hibernate.type.InstantType@1755e85b
2018-09-26 23:32:53.548 DEBUG [microservice_user,,,] 5888 --- [           main] org.hibernate.type.BasicTypeRegistry     : Adding type registration LocalDateTime -> org.hibernate.type.LocalDateTimeType@736d6a5c
2018-09-26 23:32:53.549 DEBUG [microservice_user,,,] 5888 --- [           main] org.hibernate.type.BasicTypeRegistry     : Adding type registration java.time.LocalDateTime -> org.hibernate.type.LocalDateTimeType@736d6a5c
2018-09-26 23:32:53.550 DEBUG [microservice_user,,,] 5888 --- [           main] org.hibernate.type.BasicTypeRegistry     : Adding type registration LocalDate -> org.hibernate.type.LocalDateType@2371aaca
2018-09-26 23:32:53.550 DEBUG [microservice_user,,,] 5888 --- [           main] org.hibernate.type.BasicTypeRegistry     : Adding type registration java.time.LocalDate -> org.hibernate.type.LocalDateType@2371aaca
2018-09-26 23:32:53.552 DEBUG [microservice_user,,,] 5888 --- [           main] org.hibernate.type.BasicTypeRegistry     : Adding type registration LocalTime -> org.hibernate.type.LocalTimeType@5b529706
2018-09-26 23:32:53.552 DEBUG [microservice_user,,,] 5888 --- [           main] org.hibernate.type.BasicTypeRegistry     : Adding type registration java.time.LocalTime -> org.hibernate.type.LocalTimeType@5b529706
2018-09-26 23:32:53.554 DEBUG [microservice_user,,,] 5888 --- [           main] org.hibernate.type.BasicTypeRegistry     : Adding type registration OffsetDateTime -> org.hibernate.type.OffsetDateTimeType@63fdab07
2018-09-26 23:32:53.554 DEBUG [microservice_user,,,] 5888 --- [           main] org.hibernate.type.BasicTypeRegistry     : Adding type registration java.time.OffsetDateTime -> org.hibernate.type.OffsetDateTimeType@63fdab07
2018-09-26 23:32:53.555 DEBUG [microservice_user,,,] 5888 --- [           main] org.hibernate.type.BasicTypeRegistry     : Adding type registration OffsetTime -> org.hibernate.type.OffsetTimeType@7b5a12ae
2018-09-26 23:32:53.555 DEBUG [microservice_user,,,] 5888 --- [           main] org.hibernate.type.BasicTypeRegistry     : Adding type registration java.time.OffsetTime -> org.hibernate.type.OffsetTimeType@7b5a12ae
2018-09-26 23:32:53.557 DEBUG [microservice_user,,,] 5888 --- [           main] org.hibernate.type.BasicTypeRegistry     : Adding type registration ZonedDateTime -> org.hibernate.type.ZonedDateTimeType@5553d0f5
2018-09-26 23:32:53.557 DEBUG [microservice_user,,,] 5888 --- [           main] org.hibernate.type.BasicTypeRegistry     : Adding type registration java.time.ZonedDateTime -> org.hibernate.type.ZonedDateTimeType@5553d0f5
2018-09-26 23:32:53.558 DEBUG [microservice_user,,,] 5888 --- [           main] org.hibernate.type.BasicTypeRegistry     : Adding type registration date -> org.hibernate.type.DateType@1af687fe
2018-09-26 23:32:53.559 DEBUG [microservice_user,,,] 5888 --- [           main] org.hibernate.type.BasicTypeRegistry     : Adding type registration java.sql.Date -> org.hibernate.type.DateType@1af687fe
2018-09-26 23:32:53.560 DEBUG [microservice_user,,,] 5888 --- [           main] org.hibernate.type.BasicTypeRegistry     : Adding type registration time -> org.hibernate.type.TimeType@14dda234
2018-09-26 23:32:53.560 DEBUG [microservice_user,,,] 5888 --- [           main] org.hibernate.type.BasicTypeRegistry     : Adding type registration java.sql.Time -> org.hibernate.type.TimeType@14dda234
2018-09-26 23:32:53.561 DEBUG [microservice_user,,,] 5888 --- [           main] org.hibernate.type.BasicTypeRegistry     : Adding type registration timestamp -> org.hibernate.type.TimestampType@3f390d63
2018-09-26 23:32:53.561 DEBUG [microservice_user,,,] 5888 --- [           main] org.hibernate.type.BasicTypeRegistry     : Adding type registration java.sql.Timestamp -> org.hibernate.type.TimestampType@3f390d63
2018-09-26 23:32:53.562 DEBUG [microservice_user,,,] 5888 --- [           main] org.hibernate.type.BasicTypeRegistry     : Adding type registration java.util.Date -> org.hibernate.type.TimestampType@3f390d63
2018-09-26 23:32:53.563 DEBUG [microservice_user,,,] 5888 --- [           main] org.hibernate.type.BasicTypeRegistry     : Adding type registration dbtimestamp -> org.hibernate.type.DbTimestampType@74a6a609
2018-09-26 23:32:53.564 DEBUG [microservice_user,,,] 5888 --- [           main] org.hibernate.type.BasicTypeRegistry     : Adding type registration calendar -> org.hibernate.type.CalendarType@5a411614
2018-09-26 23:32:53.564 DEBUG [microservice_user,,,] 5888 --- [           main] org.hibernate.type.BasicTypeRegistry     : Adding type registration java.util.Calendar -> org.hibernate.type.CalendarType@5a411614
2018-09-26 23:32:53.565 DEBUG [microservice_user,,,] 5888 --- [           main] org.hibernate.type.BasicTypeRegistry     : Adding type registration java.util.GregorianCalendar -> org.hibernate.type.CalendarType@5a411614
2018-09-26 23:32:53.565 DEBUG [microservice_user,,,] 5888 --- [           main] org.hibernate.type.BasicTypeRegistry     : Adding type registration calendar_date -> org.hibernate.type.CalendarDateType@2374d36a
2018-09-26 23:32:53.567 DEBUG [microservice_user,,,] 5888 --- [           main] org.hibernate.type.BasicTypeRegistry     : Adding type registration locale -> org.hibernate.type.LocaleType@54d18072
2018-09-26 23:32:53.567 DEBUG [microservice_user,,,] 5888 --- [           main] org.hibernate.type.BasicTypeRegistry     : Adding type registration java.util.Locale -> org.hibernate.type.LocaleType@54d18072
2018-09-26 23:32:53.568 DEBUG [microservice_user,,,] 5888 --- [           main] org.hibernate.type.BasicTypeRegistry     : Adding type registration currency -> org.hibernate.type.CurrencyType@1506f20f
2018-09-26 23:32:53.568 DEBUG [microservice_user,,,] 5888 --- [           main] org.hibernate.type.BasicTypeRegistry     : Adding type registration java.util.Currency -> org.hibernate.type.CurrencyType@1506f20f
2018-09-26 23:32:53.569 DEBUG [microservice_user,,,] 5888 --- [           main] org.hibernate.type.BasicTypeRegistry     : Adding type registration timezone -> org.hibernate.type.TimeZoneType@47a5b70d
2018-09-26 23:32:53.569 DEBUG [microservice_user,,,] 5888 --- [           main] org.hibernate.type.BasicTypeRegistry     : Adding type registration java.util.TimeZone -> org.hibernate.type.TimeZoneType@47a5b70d
2018-09-26 23:32:53.570 DEBUG [microservice_user,,,] 5888 --- [           main] org.hibernate.type.BasicTypeRegistry     : Adding type registration class -> org.hibernate.type.ClassType@424fd310
2018-09-26 23:32:53.570 DEBUG [microservice_user,,,] 5888 --- [           main] org.hibernate.type.BasicTypeRegistry     : Adding type registration java.lang.Class -> org.hibernate.type.ClassType@424fd310
2018-09-26 23:32:53.572 DEBUG [microservice_user,,,] 5888 --- [           main] org.hibernate.type.BasicTypeRegistry     : Adding type registration uuid-binary -> org.hibernate.type.UUIDBinaryType@1a45193b
2018-09-26 23:32:53.572 DEBUG [microservice_user,,,] 5888 --- [           main] org.hibernate.type.BasicTypeRegistry     : Adding type registration java.util.UUID -> org.hibernate.type.UUIDBinaryType@1a45193b
2018-09-26 23:32:53.573 DEBUG [microservice_user,,,] 5888 --- [           main] org.hibernate.type.BasicTypeRegistry     : Adding type registration uuid-char -> org.hibernate.type.UUIDCharType@38f116f6
2018-09-26 23:32:53.574 DEBUG [microservice_user,,,] 5888 --- [           main] org.hibernate.type.BasicTypeRegistry     : Adding type registration binary -> org.hibernate.type.BinaryType@5286c33a
2018-09-26 23:32:53.574 DEBUG [microservice_user,,,] 5888 --- [           main] org.hibernate.type.BasicTypeRegistry     : Adding type registration byte[] -> org.hibernate.type.BinaryType@5286c33a
2018-09-26 23:32:53.574 DEBUG [microservice_user,,,] 5888 --- [           main] org.hibernate.type.BasicTypeRegistry     : Adding type registration [B -> org.hibernate.type.BinaryType@5286c33a
2018-09-26 23:32:53.576 DEBUG [microservice_user,,,] 5888 --- [           main] org.hibernate.type.BasicTypeRegistry     : Adding type registration wrapper-binary -> org.hibernate.type.WrapperBinaryType@6e6d5d29
2018-09-26 23:32:53.576 DEBUG [microservice_user,,,] 5888 --- [           main] org.hibernate.type.BasicTypeRegistry     : Adding type registration Byte[] -> org.hibernate.type.WrapperBinaryType@6e6d5d29
2018-09-26 23:32:53.576 DEBUG [microservice_user,,,] 5888 --- [           main] org.hibernate.type.BasicTypeRegistry     : Adding type registration [Ljava.lang.Byte; -> org.hibernate.type.WrapperBinaryType@6e6d5d29
2018-09-26 23:32:53.577 DEBUG [microservice_user,,,] 5888 --- [           main] org.hibernate.type.BasicTypeRegistry     : Adding type registration row_version -> org.hibernate.type.RowVersionType@5c530d1e
2018-09-26 23:32:53.578 DEBUG [microservice_user,,,] 5888 --- [           main] org.hibernate.type.BasicTypeRegistry     : Adding type registration image -> org.hibernate.type.ImageType@6c25e6c4
2018-09-26 23:32:53.579 DEBUG [microservice_user,,,] 5888 --- [           main] org.hibernate.type.BasicTypeRegistry     : Adding type registration characters -> org.hibernate.type.CharArrayType@85e6769
2018-09-26 23:32:53.579 DEBUG [microservice_user,,,] 5888 --- [           main] org.hibernate.type.BasicTypeRegistry     : Adding type registration char[] -> org.hibernate.type.CharArrayType@85e6769
2018-09-26 23:32:53.580 DEBUG [microservice_user,,,] 5888 --- [           main] org.hibernate.type.BasicTypeRegistry     : Adding type registration [C -> org.hibernate.type.CharArrayType@85e6769
2018-09-26 23:32:53.581 DEBUG [microservice_user,,,] 5888 --- [           main] org.hibernate.type.BasicTypeRegistry     : Adding type registration wrapper-characters -> org.hibernate.type.CharacterArrayType@c5ee75e
2018-09-26 23:32:53.581 DEBUG [microservice_user,,,] 5888 --- [           main] org.hibernate.type.BasicTypeRegistry     : Adding type registration [Ljava.lang.Character; -> org.hibernate.type.CharacterArrayType@c5ee75e
2018-09-26 23:32:53.581 DEBUG [microservice_user,,,] 5888 --- [           main] org.hibernate.type.BasicTypeRegistry     : Adding type registration Character[] -> org.hibernate.type.CharacterArrayType@c5ee75e
2018-09-26 23:32:53.582 DEBUG [microservice_user,,,] 5888 --- [           main] org.hibernate.type.BasicTypeRegistry     : Adding type registration text -> org.hibernate.type.TextType@48a12036
2018-09-26 23:32:53.583 DEBUG [microservice_user,,,] 5888 --- [           main] org.hibernate.type.BasicTypeRegistry     : Adding type registration ntext -> org.hibernate.type.NTextType@bf1ec20
2018-09-26 23:32:53.589 DEBUG [microservice_user,,,] 5888 --- [           main] org.hibernate.type.BasicTypeRegistry     : Adding type registration blob -> org.hibernate.type.BlobType@70efb718
2018-09-26 23:32:53.589 DEBUG [microservice_user,,,] 5888 --- [           main] org.hibernate.type.BasicTypeRegistry     : Adding type registration java.sql.Blob -> org.hibernate.type.BlobType@70efb718
2018-09-26 23:32:53.590 DEBUG [microservice_user,,,] 5888 --- [           main] org.hibernate.type.BasicTypeRegistry     : Adding type registration materialized_blob -> org.hibernate.type.MaterializedBlobType@b70da4c
2018-09-26 23:32:53.595 DEBUG [microservice_user,,,] 5888 --- [           main] org.hibernate.type.BasicTypeRegistry     : Adding type registration clob -> org.hibernate.type.ClobType@4a11eb84
2018-09-26 23:32:53.596 DEBUG [microservice_user,,,] 5888 --- [           main] org.hibernate.type.BasicTypeRegistry     : Adding type registration java.sql.Clob -> org.hibernate.type.ClobType@4a11eb84
2018-09-26 23:32:53.600 DEBUG [microservice_user,,,] 5888 --- [           main] org.hibernate.type.BasicTypeRegistry     : Adding type registration nclob -> org.hibernate.type.NClobType@4e858e0a
2018-09-26 23:32:53.600 DEBUG [microservice_user,,,] 5888 --- [           main] org.hibernate.type.BasicTypeRegistry     : Adding type registration java.sql.NClob -> org.hibernate.type.NClobType@4e858e0a
2018-09-26 23:32:53.601 DEBUG [microservice_user,,,] 5888 --- [           main] org.hibernate.type.BasicTypeRegistry     : Adding type registration materialized_clob -> org.hibernate.type.MaterializedClobType@435fb7b5
2018-09-26 23:32:53.601 DEBUG [microservice_user,,,] 5888 --- [           main] org.hibernate.type.BasicTypeRegistry     : Adding type registration materialized_nclob -> org.hibernate.type.MaterializedNClobType@4e70a728
2018-09-26 23:32:53.603 DEBUG [microservice_user,,,] 5888 --- [           main] org.hibernate.type.BasicTypeRegistry     : Adding type registration serializable -> org.hibernate.type.SerializableType@b7838a9
2018-09-26 23:32:53.608 DEBUG [microservice_user,,,] 5888 --- [           main] org.hibernate.type.BasicTypeRegistry     : Adding type registration object -> org.hibernate.type.ObjectType@696f0212
2018-09-26 23:32:53.608 DEBUG [microservice_user,,,] 5888 --- [           main] org.hibernate.type.BasicTypeRegistry     : Adding type registration java.lang.Object -> org.hibernate.type.ObjectType@696f0212
2018-09-26 23:32:53.608 DEBUG [microservice_user,,,] 5888 --- [           main] org.hibernate.type.BasicTypeRegistry     : Adding type registration imm_date -> org.hibernate.type.AdaptedImmutableType@5733f295
2018-09-26 23:32:53.608 DEBUG [microservice_user,,,] 5888 --- [           main] org.hibernate.type.BasicTypeRegistry     : Adding type registration imm_time -> org.hibernate.type.AdaptedImmutableType@1c3146bc
2018-09-26 23:32:53.609 DEBUG [microservice_user,,,] 5888 --- [           main] org.hibernate.type.BasicTypeRegistry     : Adding type registration imm_timestamp -> org.hibernate.type.AdaptedImmutableType@56c698e3
2018-09-26 23:32:53.609 DEBUG [microservice_user,,,] 5888 --- [           main] org.hibernate.type.BasicTypeRegistry     : Adding type registration imm_dbtimestamp -> org.hibernate.type.AdaptedImmutableType@47a86fbb
2018-09-26 23:32:53.609 DEBUG [microservice_user,,,] 5888 --- [           main] org.hibernate.type.BasicTypeRegistry     : Adding type registration imm_calendar -> org.hibernate.type.AdaptedImmutableType@f478a81
2018-09-26 23:32:53.609 DEBUG [microservice_user,,,] 5888 --- [           main] org.hibernate.type.BasicTypeRegistry     : Adding type registration imm_calendar_date -> org.hibernate.type.AdaptedImmutableType@19553973
2018-09-26 23:32:53.609 DEBUG [microservice_user,,,] 5888 --- [           main] org.hibernate.type.BasicTypeRegistry     : Adding type registration imm_binary -> org.hibernate.type.AdaptedImmutableType@7bb6ab3a
2018-09-26 23:32:53.609 DEBUG [microservice_user,,,] 5888 --- [           main] org.hibernate.type.BasicTypeRegistry     : Adding type registration imm_serializable -> org.hibernate.type.AdaptedImmutableType@7fe7c640
2018-09-26 23:32:53.642  INFO [microservice_user,,,] 5888 --- [           main] org.hibernate.dialect.Dialect            : HHH000400: Using dialect: org.hibernate.dialect.MySQL5InnoDBDialect
2018-09-26 23:32:54.118 TRACE [microservice_user,,,] 5888 --- [           main] org.hibernate.type.TypeFactory           : Scoping types to session factory org.hibernate.internal.SessionFactoryImpl@27953a83
2018-09-26 23:32:54.822 DEBUG [microservice_user,,,] 5888 --- [           main] org.hibernate.SQL                        : alter table profile drop foreign key FKoteok57s1ryb6aunpx08gma3c
Hibernate: alter table profile drop foreign key FKoteok57s1ryb6aunpx08gma3c
2018-09-26 23:32:54.841 DEBUG [microservice_user,,,] 5888 --- [           main] org.hibernate.SQL                        : drop table if exists account
Hibernate: drop table if exists account
2018-09-26 23:32:54.847 DEBUG [microservice_user,,,] 5888 --- [           main] org.hibernate.SQL                        : drop table if exists hibernate_sequence
Hibernate: drop table if exists hibernate_sequence
2018-09-26 23:32:54.852 DEBUG [microservice_user,,,] 5888 --- [           main] org.hibernate.SQL                        : drop table if exists profile
Hibernate: drop table if exists profile
2018-09-26 23:32:54.862 DEBUG [microservice_user,,,] 5888 --- [           main] org.hibernate.SQL                        : create table account (id_account binary(255) not null, date_time datetime not null, account_email_address varchar(255) not null, account_is_admin bit not null, account_password varchar(255) not null, primary key (id_account)) engine=InnoDB
Hibernate: create table account (id_account binary(255) not null, date_time datetime not null, account_email_address varchar(255) not null, account_is_admin bit not null, account_password varchar(255) not null, primary key (id_account)) engine=InnoDB
2018-09-26 23:32:54.874 DEBUG [microservice_user,,,] 5888 --- [           main] org.hibernate.SQL                        : create table hibernate_sequence (next_val bigint) engine=InnoDB
Hibernate: create table hibernate_sequence (next_val bigint) engine=InnoDB
2018-09-26 23:32:54.885 DEBUG [microservice_user,,,] 5888 --- [           main] org.hibernate.SQL                        : insert into hibernate_sequence values ( 1 )
Hibernate: insert into hibernate_sequence values ( 1 )
2018-09-26 23:32:54.887 DEBUG [microservice_user,,,] 5888 --- [           main] org.hibernate.SQL                        : create table profile (id_profile integer not null, last_modified datetime not null, profile_first_name varchar(255) not null, profile_image varchar(255) not null, profile_last_name varchar(255) not null, profile_phone_number varchar(255) not null, id_account_foreign binary(255) not null, primary key (id_profile)) engine=InnoDB
Hibernate: create table profile (id_profile integer not null, last_modified datetime not null, profile_first_name varchar(255) not null, profile_image varchar(255) not null, profile_last_name varchar(255) not null, profile_phone_number varchar(255) not null, id_account_foreign binary(255) not null, primary key (id_profile)) engine=InnoDB
2018-09-26 23:32:54.898 DEBUG [microservice_user,,,] 5888 --- [           main] org.hibernate.SQL                        : alter table account add constraint UK_purvv4ys7e4jk4157wgs5755 unique (account_email_address)
Hibernate: alter table account add constraint UK_purvv4ys7e4jk4157wgs5755 unique (account_email_address)
2018-09-26 23:32:54.906 DEBUG [microservice_user,,,] 5888 --- [           main] org.hibernate.SQL                        : alter table profile add constraint FKoteok57s1ryb6aunpx08gma3c foreign key (id_account_foreign) references account (id_account)
Hibernate: alter table profile add constraint FKoteok57s1ryb6aunpx08gma3c foreign key (id_account_foreign) references account (id_account)
2018-09-26 23:32:54.933  INFO [microservice_user,,,] 5888 --- [           main] o.h.t.schema.internal.SchemaCreatorImpl  : HHH000476: Executing import script 'org.hibernate.tool.schema.internal.exec.ScriptSourceInputNonExistentImpl@47dbb1e2'
2018-09-26 23:32:54.936  INFO [microservice_user,,,] 5888 --- [           main] j.LocalContainerEntityManagerFactoryBean : Initialized JPA EntityManagerFactory for persistence unit 'default'
2018-09-26 23:32:55.515  WARN [microservice_user,,,] 5888 --- [           main] c.n.c.sources.URLConfigurationSource     : No URLs will be polled as dynamic configuration sources.
2018-09-26 23:32:55.516  INFO [microservice_user,,,] 5888 --- [           main] c.n.c.sources.URLConfigurationSource     : To enable URLs as dynamic configuration sources, define System property archaius.configurationSource.additionalUrls or make config.properties available on classpath.
2018-09-26 23:32:55.687  INFO [microservice_user,,,] 5888 --- [           main] o.s.w.s.handler.SimpleUrlHandlerMapping  : Mapped URL path [/**/favicon.ico] onto handler of type [class org.springframework.web.servlet.resource.ResourceHttpRequestHandler]
2018-09-26 23:32:56.189  INFO [microservice_user,,,] 5888 --- [           main] s.w.s.m.m.a.RequestMappingHandlerAdapter : Looking for @ControllerAdvice: org.springframework.boot.web.servlet.context.AnnotationConfigServletWebServerApplicationContext@13805618: startup date [Wed Sep 26 23:32:42 UTC 2018]; parent: org.springframework.context.annotation.AnnotationConfigApplicationContext@326de728
2018-09-26 23:32:56.248  WARN [microservice_user,,,] 5888 --- [           main] aWebConfiguration$JpaWebMvcConfiguration : spring.jpa.open-in-view is enabled by default. Therefore, database queries may be performed during view rendering. Explicitly configure spring.jpa.open-in-view to disable this warning
2018-09-26 23:32:56.306  INFO [microservice_user,,,] 5888 --- [           main] s.w.s.m.m.a.RequestMappingHandlerMapping : Mapped "{[/seed]}" onto public com.benchwarmers.grads.grizzlystoreuser.entities.Profile com.benchwarmers.grads.grizzlystoreuser.controllers.TestController.seedData()
2018-09-26 23:32:56.309  INFO [microservice_user,,,] 5888 --- [           main] s.w.s.m.m.a.RequestMappingHandlerMapping : Mapped "{[/error],produces=[text/html]}" onto public org.springframework.web.servlet.ModelAndView org.springframework.boot.autoconfigure.web.servlet.error.BasicErrorController.errorHtml(javax.servlet.http.HttpServletRequest,javax.servlet.http.HttpServletResponse)
2018-09-26 23:32:56.309  INFO [microservice_user,,,] 5888 --- [           main] s.w.s.m.m.a.RequestMappingHandlerMapping : Mapped "{[/error]}" onto public org.springframework.http.ResponseEntity<java.util.Map<java.lang.String, java.lang.Object>> org.springframework.boot.autoconfigure.web.servlet.error.BasicErrorController.error(javax.servlet.http.HttpServletRequest)
2018-09-26 23:32:56.364  INFO [microservice_user,,,] 5888 --- [           main] o.s.w.s.handler.SimpleUrlHandlerMapping  : Mapped URL path [/webjars/**] onto handler of type [class org.springframework.web.servlet.resource.ResourceHttpRequestHandler]
2018-09-26 23:32:56.364  INFO [microservice_user,,,] 5888 --- [           main] o.s.w.s.handler.SimpleUrlHandlerMapping  : Mapped URL path [/**] onto handler of type [class org.springframework.web.servlet.resource.ResourceHttpRequestHandler]
2018-09-26 23:32:57.925  INFO [microservice_user,,,] 5888 --- [           main] o.s.b.a.e.web.EndpointLinksResolver      : Exposing 4 endpoint(s) beneath base path '/actuator'
2018-09-26 23:32:57.943  INFO [microservice_user,,,] 5888 --- [           main] s.b.a.e.w.s.WebMvcEndpointHandlerMapping : Mapped "{[/actuator/health],methods=[GET],produces=[application/vnd.spring-boot.actuator.v2+json || application/json]}" onto public java.lang.Object org.springframework.boot.actuate.endpoint.web.servlet.AbstractWebMvcEndpointHandlerMapping$OperationHandler.handle(javax.servlet.http.HttpServletRequest,java.util.Map<java.lang.String, java.lang.String>)
2018-09-26 23:32:57.944  INFO [microservice_user,,,] 5888 --- [           main] s.b.a.e.w.s.WebMvcEndpointHandlerMapping : Mapped "{[/actuator/env/{toMatch}],methods=[GET],produces=[application/vnd.spring-boot.actuator.v2+json || application/json]}" onto public java.lang.Object org.springframework.boot.actuate.endpoint.web.servlet.AbstractWebMvcEndpointHandlerMapping$OperationHandler.handle(javax.servlet.http.HttpServletRequest,java.util.Map<java.lang.String, java.lang.String>)
2018-09-26 23:32:57.944  INFO [microservice_user,,,] 5888 --- [           main] s.b.a.e.w.s.WebMvcEndpointHandlerMapping : Mapped "{[/actuator/env],methods=[GET],produces=[application/vnd.spring-boot.actuator.v2+json || application/json]}" onto public java.lang.Object org.springframework.boot.actuate.endpoint.web.servlet.AbstractWebMvcEndpointHandlerMapping$OperationHandler.handle(javax.servlet.http.HttpServletRequest,java.util.Map<java.lang.String, java.lang.String>)
2018-09-26 23:32:57.945  INFO [microservice_user,,,] 5888 --- [           main] s.b.a.e.w.s.WebMvcEndpointHandlerMapping : Mapped "{[/actuator/env],methods=[POST],consumes=[application/vnd.spring-boot.actuator.v2+json || application/json],produces=[application/vnd.spring-boot.actuator.v2+json || application/json]}" onto public java.lang.Object org.springframework.boot.actuate.endpoint.web.servlet.AbstractWebMvcEndpointHandlerMapping$OperationHandler.handle(javax.servlet.http.HttpServletRequest,java.util.Map<java.lang.String, java.lang.String>)
2018-09-26 23:32:57.945  INFO [microservice_user,,,] 5888 --- [           main] s.b.a.e.w.s.WebMvcEndpointHandlerMapping : Mapped "{[/actuator/env],methods=[DELETE],produces=[application/vnd.spring-boot.actuator.v2+json || application/json]}" onto public java.lang.Object org.springframework.boot.actuate.endpoint.web.servlet.AbstractWebMvcEndpointHandlerMapping$OperationHandler.handle(javax.servlet.http.HttpServletRequest,java.util.Map<java.lang.String, java.lang.String>)
2018-09-26 23:32:57.946  INFO [microservice_user,,,] 5888 --- [           main] s.b.a.e.w.s.WebMvcEndpointHandlerMapping : Mapped "{[/actuator/info],methods=[GET],produces=[application/vnd.spring-boot.actuator.v2+json || application/json]}" onto public java.lang.Object org.springframework.boot.actuate.endpoint.web.servlet.AbstractWebMvcEndpointHandlerMapping$OperationHandler.handle(javax.servlet.http.HttpServletRequest,java.util.Map<java.lang.String, java.lang.String>)
2018-09-26 23:32:57.946  INFO [microservice_user,,,] 5888 --- [           main] s.b.a.e.w.s.WebMvcEndpointHandlerMapping : Mapped "{[/actuator/metrics],methods=[GET],produces=[application/vnd.spring-boot.actuator.v2+json || application/json]}" onto public java.lang.Object org.springframework.boot.actuate.endpoint.web.servlet.AbstractWebMvcEndpointHandlerMapping$OperationHandler.handle(javax.servlet.http.HttpServletRequest,java.util.Map<java.lang.String, java.lang.String>)
2018-09-26 23:32:57.946  INFO [microservice_user,,,] 5888 --- [           main] s.b.a.e.w.s.WebMvcEndpointHandlerMapping : Mapped "{[/actuator/metrics/{requiredMetricName}],methods=[GET],produces=[application/vnd.spring-boot.actuator.v2+json || application/json]}" onto public java.lang.Object org.springframework.boot.actuate.endpoint.web.servlet.AbstractWebMvcEndpointHandlerMapping$OperationHandler.handle(javax.servlet.http.HttpServletRequest,java.util.Map<java.lang.String, java.lang.String>)
2018-09-26 23:32:57.947  INFO [microservice_user,,,] 5888 --- [           main] s.b.a.e.w.s.WebMvcEndpointHandlerMapping : Mapped "{[/actuator],methods=[GET],produces=[application/vnd.spring-boot.actuator.v2+json || application/json]}" onto protected java.util.Map<java.lang.String, java.util.Map<java.lang.String, org.springframework.boot.actuate.endpoint.web.Link>> org.springframework.boot.actuate.endpoint.web.servlet.WebMvcEndpointHandlerMapping.links(javax.servlet.http.HttpServletRequest,javax.servlet.http.HttpServletResponse)
2018-09-26 23:32:58.028  INFO [microservice_user,,,] 5888 --- [           main] o.s.j.e.a.AnnotationMBeanExporter        : Registering beans for JMX exposure on startup
2018-09-26 23:32:58.030  INFO [microservice_user,,,] 5888 --- [           main] o.s.j.e.a.AnnotationMBeanExporter        : Bean with name 'dataSource' has been autodetected for JMX exposure
2018-09-26 23:32:58.039  INFO [microservice_user,,,] 5888 --- [           main] o.s.j.e.a.AnnotationMBeanExporter        : Bean with name 'environmentManager' has been autodetected for JMX exposure
2018-09-26 23:32:58.041  INFO [microservice_user,,,] 5888 --- [           main] o.s.j.e.a.AnnotationMBeanExporter        : Bean with name 'refreshScope' has been autodetected for JMX exposure
2018-09-26 23:32:58.042  INFO [microservice_user,,,] 5888 --- [           main] o.s.j.e.a.AnnotationMBeanExporter        : Bean with name 'configurationPropertiesRebinder' has been autodetected for JMX exposure
2018-09-26 23:32:58.046  INFO [microservice_user,,,] 5888 --- [           main] o.s.j.e.a.AnnotationMBeanExporter        : Located managed bean 'environmentManager': registering with JMX server as MBean [org.springframework.cloud.context.environment:name=environmentManager,type=EnvironmentManager]
2018-09-26 23:32:58.057  INFO [microservice_user,,,] 5888 --- [           main] o.s.j.e.a.AnnotationMBeanExporter        : Located managed bean 'refreshScope': registering with JMX server as MBean [org.springframework.cloud.context.scope.refresh:name=refreshScope,type=RefreshScope]
2018-09-26 23:32:58.073  INFO [microservice_user,,,] 5888 --- [           main] o.s.j.e.a.AnnotationMBeanExporter        : Located managed bean 'configurationPropertiesRebinder': registering with JMX server as MBean [org.springframework.cloud.context.properties:name=configurationPropertiesRebinder,context=13805618,type=ConfigurationPropertiesRebinder]
2018-09-26 23:32:58.082  INFO [microservice_user,,,] 5888 --- [           main] o.s.j.e.a.AnnotationMBeanExporter        : Located MBean 'dataSource': registering with JMX server as MBean [com.zaxxer.hikari:name=dataSource,type=HikariDataSource]
2018-09-26 23:32:58.093  INFO [microservice_user,,,] 5888 --- [           main] o.s.c.support.DefaultLifecycleProcessor  : Starting beans in phase 0
2018-09-26 23:32:58.114  INFO [microservice_user,,,] 5888 --- [           main] o.s.c.n.eureka.InstanceInfoFactory       : Setting initial instance status as: STARTING
2018-09-26 23:32:58.170  INFO [microservice_user,,,] 5888 --- [           main] com.netflix.discovery.DiscoveryClient    : Initializing Eureka in region us-east-1
2018-09-26 23:32:58.372  INFO [microservice_user,,,] 5888 --- [           main] c.n.d.provider.DiscoveryJerseyProvider   : Using JSON encoding codec LegacyJacksonJson
2018-09-26 23:32:58.372  INFO [microservice_user,,,] 5888 --- [           main] c.n.d.provider.DiscoveryJerseyProvider   : Using JSON decoding codec LegacyJacksonJson
2018-09-26 23:32:58.553  INFO [microservice_user,,,] 5888 --- [           main] c.n.d.provider.DiscoveryJerseyProvider   : Using XML encoding codec XStreamXml
2018-09-26 23:32:58.553  INFO [microservice_user,,,] 5888 --- [           main] c.n.d.provider.DiscoveryJerseyProvider   : Using XML decoding codec XStreamXml
2018-09-26 23:32:58.775  INFO [microservice_user,,,] 5888 --- [           main] c.n.d.s.r.aws.ConfigClusterResolver      : Resolving eureka endpoints via configuration
2018-09-26 23:32:58.803  INFO [microservice_user,,,] 5888 --- [           main] com.netflix.discovery.DiscoveryClient    : Disable delta property : false
2018-09-26 23:32:58.803  INFO [microservice_user,,,] 5888 --- [           main] com.netflix.discovery.DiscoveryClient    : Single vip registry refresh property : null
2018-09-26 23:32:58.803  INFO [microservice_user,,,] 5888 --- [           main] com.netflix.discovery.DiscoveryClient    : Force full registry fetch : false
2018-09-26 23:32:58.803  INFO [microservice_user,,,] 5888 --- [           main] com.netflix.discovery.DiscoveryClient    : Application is null : false
2018-09-26 23:32:58.803  INFO [microservice_user,,,] 5888 --- [           main] com.netflix.discovery.DiscoveryClient    : Registered Applications size is zero : true
2018-09-26 23:32:58.803  INFO [microservice_user,,,] 5888 --- [           main] com.netflix.discovery.DiscoveryClient    : Application version is -1: true
2018-09-26 23:32:58.803  INFO [microservice_user,,,] 5888 --- [           main] com.netflix.discovery.DiscoveryClient    : Getting all instance registry info from the eureka server
2018-09-26 23:32:58.996  INFO [microservice_user,,,] 5888 --- [           main] com.netflix.discovery.DiscoveryClient    : The response status is 200
2018-09-26 23:32:58.999  INFO [microservice_user,,,] 5888 --- [           main] com.netflix.discovery.DiscoveryClient    : Starting heartbeat executor: renew interval is: 30
2018-09-26 23:32:59.002  INFO [microservice_user,,,] 5888 --- [           main] c.n.discovery.InstanceInfoReplicator     : InstanceInfoReplicator onDemand update allowed rate per min is 4
2018-09-26 23:32:59.007  INFO [microservice_user,,,] 5888 --- [           main] com.netflix.discovery.DiscoveryClient    : Discovery Client initialized at timestamp 1538004779005 with initial instances count: 2
2018-09-26 23:32:59.021  INFO [microservice_user,,,] 5888 --- [           main] o.s.c.n.e.s.EurekaServiceRegistry        : Registering application microservice_user with eureka with status UP
2018-09-26 23:32:59.021  INFO [microservice_user,,,] 5888 --- [           main] com.netflix.discovery.DiscoveryClient    : Saw local status change event StatusChangeEvent [timestamp=1538004779021, current=UP, previous=STARTING]
2018-09-26 23:32:59.025  INFO [microservice_user,,,] 5888 --- [nfoReplicator-0] com.netflix.discovery.DiscoveryClient    : DiscoveryClient_MICROSERVICE_USER/ip-172-31-1-219.ap-southeast-2.compute.internal:microservice_user:10004: registering service...
2018-09-26 23:32:59.092  INFO [microservice_user,,,] 5888 --- [nfoReplicator-0] com.netflix.discovery.DiscoveryClient    : DiscoveryClient_MICROSERVICE_USER/ip-172-31-1-219.ap-southeast-2.compute.internal:microservice_user:10004 - registration status: 204
2018-09-26 23:32:59.103  INFO [microservice_user,,,] 5888 --- [           main] o.s.b.w.embedded.tomcat.TomcatWebServer  : Tomcat started on port(s): 10004 (http) with context path ''
2018-09-26 23:32:59.105  INFO [microservice_user,,,] 5888 --- [           main] .s.c.n.e.s.EurekaAutoServiceRegistration : Updating port to 10004
2018-09-26 23:32:59.108  INFO [microservice_user,,,] 5888 --- [           main] c.b.g.g.GrizzlystoreUserApplication      : Started GrizzlystoreUserApplication in 19.159 seconds (JVM running for 20.54)
Hello user repo..
2018-09-26 23:37:58.805  INFO [microservice_user,,,] 5888 --- [trap-executor-0] c.n.d.s.r.aws.ConfigClusterResolver      : Resolving eureka endpoints via configuration
